"input" in: offgrid.lydrc:31
    Polygons (raw): 77041 (flat)  128 (hierarchical)
    Elapsed: 0.050s  Memory: 565.00M
"polygons" in: offgrid.lydrc:32
    Polygons (raw): 14552 (flat)  2 (hierarchical)
    Elapsed: 0.040s  Memory: 565.00M
"polygons" in: offgrid.lydrc:33
    Polygons (raw): 53231 (flat)  53 (hierarchical)
    Elapsed: 0.040s  Memory: 565.00M
"polygons" in: offgrid.lydrc:34
    Polygons (raw): 0 (flat)  0 (hierarchical)
    Elapsed: 0.020s  Memory: 565.00M
"polygons" in: offgrid.lydrc:35
    Polygons (raw): 0 (flat)  0 (hierarchical)
    Elapsed: 0.020s  Memory: 565.00M
"polygons" in: offgrid.lydrc:36
    Polygons (raw): 0 (flat)  0 (hierarchical)
    Elapsed: 0.010s  Memory: 565.00M
"polygons" in: offgrid.lydrc:37
    Polygons (raw): 0 (flat)  0 (hierarchical)
    Elapsed: 0.010s  Memory: 565.00M
"polygons" in: offgrid.lydrc:38
    Polygons (raw): 0 (flat)  0 (hierarchical)
    Elapsed: 0.010s  Memory: 565.00M
"polygons" in: offgrid.lydrc:39
    Polygons (raw): 53353 (flat)  55 (hierarchical)
    Elapsed: 0.030s  Memory: 565.00M
"polygons" in: offgrid.lydrc:40
    Polygons (raw): 0 (flat)  0 (hierarchical)
    Elapsed: 0.010s  Memory: 565.00M
"polygons" in: offgrid.lydrc:41
    Polygons (raw): 0 (flat)  0 (hierarchical)
    Elapsed: 0.010s  Memory: 565.00M
"polygons" in: offgrid.lydrc:42
    Polygons (raw): 0 (flat)  0 (hierarchical)
    Elapsed: 0.010s  Memory: 565.00M
"polygons" in: offgrid.lydrc:43
    Polygons (raw): 0 (flat)  0 (hierarchical)
    Elapsed: 0.010s  Memory: 565.00M
"polygons" in: offgrid.lydrc:44
    Polygons (raw): 78318 (flat)  279 (hierarchical)
    Elapsed: 0.040s  Memory: 565.00M
"polygons" in: offgrid.lydrc:45
    Polygons (raw): 0 (flat)  0 (hierarchical)
    Elapsed: 0.010s  Memory: 565.00M
"polygons" in: offgrid.lydrc:46
    Polygons (raw): 60507 (flat)  54 (hierarchical)
    Elapsed: 0.040s  Memory: 565.00M
"polygons" in: offgrid.lydrc:47
    Polygons (raw): 60507 (flat)  54 (hierarchical)
    Elapsed: 0.040s  Memory: 565.00M
"polygons" in: offgrid.lydrc:48
    Polygons (raw): 0 (flat)  0 (hierarchical)
    Elapsed: 0.010s  Memory: 565.00M
"polygons" in: offgrid.lydrc:49
    Polygons (raw): 0 (flat)  0 (hierarchical)
    Elapsed: 0.020s  Memory: 565.00M
"polygons" in: offgrid.lydrc:50
    Polygons (raw): 38331 (flat)  60 (hierarchical)
    Elapsed: 0.040s  Memory: 565.00M
"polygons" in: offgrid.lydrc:51
    Polygons (raw): 522098 (flat)  1136 (hierarchical)
    Elapsed: 0.040s  Memory: 565.00M
"polygons" in: offgrid.lydrc:53
    Polygons (raw): 130935 (flat)  3328 (hierarchical)
    Elapsed: 0.050s  Memory: 565.00M
"polygons" in: offgrid.lydrc:54
    Polygons (raw): 822351 (flat)  3533 (hierarchical)
    Elapsed: 0.050s  Memory: 565.00M
"polygons" in: offgrid.lydrc:56
    Polygons (raw): 127576 (flat)  20968 (hierarchical)
    Elapsed: 0.060s  Memory: 565.00M
"polygons" in: offgrid.lydrc:57
    Polygons (raw): 12165 (flat)  12165 (hierarchical)
    Elapsed: 0.060s  Memory: 565.00M
"polygons" in: offgrid.lydrc:59
    Polygons (raw): 16398 (flat)  16398 (hierarchical)
    Elapsed: 0.060s  Memory: 565.00M
"polygons" in: offgrid.lydrc:60
    Polygons (raw): 6443 (flat)  6443 (hierarchical)
    Elapsed: 0.040s  Memory: 565.00M
"polygons" in: offgrid.lydrc:62
    Polygons (raw): 6372 (flat)  6372 (hierarchical)
    Elapsed: 0.050s  Memory: 565.00M
"polygons" in: offgrid.lydrc:63
    Polygons (raw): 5620 (flat)  5620 (hierarchical)
    Elapsed: 0.050s  Memory: 565.00M
"polygons" in: offgrid.lydrc:65
    Polygons (raw): 1061 (flat)  1061 (hierarchical)
    Elapsed: 0.050s  Memory: 565.00M
"polygons" in: offgrid.lydrc:66
    Polygons (raw): 12088 (flat)  12088 (hierarchical)
    Elapsed: 0.030s  Memory: 565.00M
"polygons" in: offgrid.lydrc:68
    Polygons (raw): 172 (flat)  172 (hierarchical)
    Elapsed: 0.020s  Memory: 565.00M
"polygons" in: offgrid.lydrc:70
    Polygons (raw): 0 (flat)  0 (hierarchical)
    Elapsed: 0.020s  Memory: 565.00M
"polygons" in: offgrid.lydrc:71
    Polygons (raw): 0 (flat)  0 (hierarchical)
    Elapsed: 0.020s  Memory: 565.00M
"polygons" in: offgrid.lydrc:72
    Polygons (raw): 0 (flat)  0 (hierarchical)
    Elapsed: 0.010s  Memory: 565.00M
"polygons" in: offgrid.lydrc:73
    Polygons (raw): 0 (flat)  0 (hierarchical)
    Elapsed: 0.010s  Memory: 565.00M
"polygons" in: offgrid.lydrc:74
    Polygons (raw): 0 (flat)  0 (hierarchical)
    Elapsed: 0.010s  Memory: 565.00M
"polygons" in: offgrid.lydrc:75
    Polygons (raw): 0 (flat)  0 (hierarchical)
    Elapsed: 0.010s  Memory: 565.00M
"polygons" in: offgrid.lydrc:76
    Polygons (raw): 0 (flat)  0 (hierarchical)
    Elapsed: 0.020s  Memory: 565.00M
"polygons" in: offgrid.lydrc:77
    Polygons (raw): 0 (flat)  0 (hierarchical)
    Elapsed: 0.020s  Memory: 565.00M
"polygons" in: offgrid.lydrc:78
    Polygons (raw): 0 (flat)  0 (hierarchical)
    Elapsed: 0.020s  Memory: 565.00M
"polygons" in: offgrid.lydrc:79
    Polygons (raw): 0 (flat)  0 (hierarchical)
    Elapsed: 0.020s  Memory: 565.00M
"polygons" in: offgrid.lydrc:80
    Polygons (raw): 0 (flat)  0 (hierarchical)
    Elapsed: 0.010s  Memory: 565.00M
"polygons" in: offgrid.lydrc:81
    Polygons (raw): 0 (flat)  0 (hierarchical)
    Elapsed: 0.010s  Memory: 565.00M
"polygons" in: offgrid.lydrc:82
    Polygons (raw): 0 (flat)  0 (hierarchical)
    Elapsed: 0.010s  Memory: 565.00M
"polygons" in: offgrid.lydrc:83
    Polygons (raw): 0 (flat)  0 (hierarchical)
    Elapsed: 0.010s  Memory: 565.00M
"polygons" in: offgrid.lydrc:84
    Polygons (raw): 0 (flat)  0 (hierarchical)
    Elapsed: 0.010s  Memory: 565.00M
"polygons" in: offgrid.lydrc:85
    Polygons (raw): 0 (flat)  0 (hierarchical)
    Elapsed: 0.010s  Memory: 565.00M
"polygons" in: offgrid.lydrc:86
    Polygons (raw): 0 (flat)  0 (hierarchical)
    Elapsed: 0.010s  Memory: 565.00M
"polygons" in: offgrid.lydrc:87
    Polygons (raw): 53231 (flat)  53 (hierarchical)
    Elapsed: 0.040s  Memory: 566.00M
"polygons" in: offgrid.lydrc:88
    Polygons (raw): 0 (flat)  0 (hierarchical)
    Elapsed: 0.020s  Memory: 566.00M
"polygons" in: offgrid.lydrc:89
    Polygons (raw): 0 (flat)  0 (hierarchical)
    Elapsed: 0.010s  Memory: 566.00M
"polygons" in: offgrid.lydrc:90
    Polygons (raw): 0 (flat)  0 (hierarchical)
    Elapsed: 0.010s  Memory: 566.00M
"polygons" in: offgrid.lydrc:91
    Polygons (raw): 0 (flat)  0 (hierarchical)
    Elapsed: 0.010s  Memory: 566.00M
"polygons" in: offgrid.lydrc:92
    Polygons (raw): 0 (flat)  0 (hierarchical)
    Elapsed: 0.010s  Memory: 566.00M
"polygons" in: offgrid.lydrc:93
    Polygons (raw): 0 (flat)  0 (hierarchical)
    Elapsed: 0.020s  Memory: 566.00M
"polygons" in: offgrid.lydrc:94
    Polygons (raw): 0 (flat)  0 (hierarchical)
    Elapsed: 0.020s  Memory: 566.00M
"polygons" in: offgrid.lydrc:95
    Polygons (raw): 2 (flat)  2 (hierarchical)
    Elapsed: 0.040s  Memory: 566.00M
"polygons" in: offgrid.lydrc:96
    Polygons (raw): 0 (flat)  0 (hierarchical)
    Elapsed: 0.010s  Memory: 566.00M
"polygons" in: offgrid.lydrc:97
    Polygons (raw): 0 (flat)  0 (hierarchical)
    Elapsed: 0.020s  Memory: 566.00M
"polygons" in: offgrid.lydrc:98
    Polygons (raw): 0 (flat)  0 (hierarchical)
    Elapsed: 0.020s  Memory: 566.00M
"polygons" in: offgrid.lydrc:99
    Polygons (raw): 0 (flat)  0 (hierarchical)
    Elapsed: 0.010s  Memory: 566.00M
"polygons" in: offgrid.lydrc:100
    Polygons (raw): 664 (flat)  1 (hierarchical)
    Elapsed: 0.040s  Memory: 566.00M
"polygons" in: offgrid.lydrc:101
    Polygons (raw): 0 (flat)  0 (hierarchical)
    Elapsed: 0.020s  Memory: 566.00M
"polygons" in: offgrid.lydrc:102
    Polygons (raw): 0 (flat)  0 (hierarchical)
    Elapsed: 0.020s  Memory: 566.00M
"polygons" in: offgrid.lydrc:103
    Polygons (raw): 0 (flat)  0 (hierarchical)
    Elapsed: 0.020s  Memory: 566.00M
"polygons" in: offgrid.lydrc:104
    Polygons (raw): 0 (flat)  0 (hierarchical)
    Elapsed: 0.010s  Memory: 566.00M
"polygons" in: offgrid.lydrc:105
    Polygons (raw): 0 (flat)  0 (hierarchical)
    Elapsed: 0.010s  Memory: 566.00M
"polygons" in: offgrid.lydrc:106
    Polygons (raw): 0 (flat)  0 (hierarchical)
    Elapsed: 0.010s  Memory: 566.00M
"polygons" in: offgrid.lydrc:107
    Polygons (raw): 0 (flat)  0 (hierarchical)
    Elapsed: 0.020s  Memory: 566.00M
"polygons" in: offgrid.lydrc:108
    Polygons (raw): 0 (flat)  0 (hierarchical)
    Elapsed: 0.020s  Memory: 566.00M
"polygons" in: offgrid.lydrc:109
    Polygons (raw): 0 (flat)  0 (hierarchical)
    Elapsed: 0.020s  Memory: 566.00M
"polygons" in: offgrid.lydrc:110
    Polygons (raw): 0 (flat)  0 (hierarchical)
    Elapsed: 0.020s  Memory: 566.00M
"polygons" in: offgrid.lydrc:111
    Polygons (raw): 0 (flat)  0 (hierarchical)
    Elapsed: 0.010s  Memory: 566.00M
"polygons" in: offgrid.lydrc:112
    Polygons (raw): 0 (flat)  0 (hierarchical)
    Elapsed: 0.010s  Memory: 566.00M
"polygons" in: offgrid.lydrc:113
    Polygons (raw): 0 (flat)  0 (hierarchical)
    Elapsed: 0.010s  Memory: 566.00M
"polygons" in: offgrid.lydrc:114
    Polygons (raw): 0 (flat)  0 (hierarchical)
    Elapsed: 0.010s  Memory: 566.00M
"polygons" in: offgrid.lydrc:115
    Polygons (raw): 0 (flat)  0 (hierarchical)
    Elapsed: 0.020s  Memory: 566.00M
"polygons" in: offgrid.lydrc:116
    Polygons (raw): 0 (flat)  0 (hierarchical)
    Elapsed: 0.020s  Memory: 566.00M
"polygons" in: offgrid.lydrc:117
    Polygons (raw): 0 (flat)  0 (hierarchical)
    Elapsed: 0.020s  Memory: 566.00M
"polygons" in: offgrid.lydrc:118
    Polygons (raw): 0 (flat)  0 (hierarchical)
    Elapsed: 0.010s  Memory: 566.00M
"polygons" in: offgrid.lydrc:119
    Polygons (raw): 0 (flat)  0 (hierarchical)
    Elapsed: 0.010s  Memory: 566.00M
"polygons" in: offgrid.lydrc:120
    Polygons (raw): 0 (flat)  0 (hierarchical)
    Elapsed: 0.010s  Memory: 566.00M
"polygons" in: offgrid.lydrc:121
    Polygons (raw): 0 (flat)  0 (hierarchical)
    Elapsed: 0.010s  Memory: 566.00M
"polygons" in: offgrid.lydrc:122
    Polygons (raw): 0 (flat)  0 (hierarchical)
    Elapsed: 0.020s  Memory: 566.00M
{{ OFFGRID-ANGLES section }}
"ongrid" in: offgrid.lydrc:127
    Edge pairs: 0 (flat)  0 (hierarchical)
    Elapsed: 0.060s  Memory: 569.00M
"output" in: offgrid.lydrc:127
    Edge pairs: 0 (flat)  0 (hierarchical)
    Elapsed: 0.020s  Memory: 569.00M
"with_angle" in: offgrid.lydrc:128
    Edge pairs: 0 (flat)  0 (hierarchical)
    Elapsed: 0.010s  Memory: 569.00M
"output" in: offgrid.lydrc:128
    Edge pairs: 0 (flat)  0 (hierarchical)
    Elapsed: 0.010s  Memory: 569.00M
"ongrid" in: offgrid.lydrc:129
    Edge pairs: 0 (flat)  0 (hierarchical)
    Elapsed: 1.290s  Memory: 586.00M
"output" in: offgrid.lydrc:129
    Edge pairs: 0 (flat)  0 (hierarchical)
    Elapsed: 0.010s  Memory: 586.00M
"with_angle" in: offgrid.lydrc:130
    Edge pairs: 0 (flat)  0 (hierarchical)
    Elapsed: 0.020s  Memory: 586.00M
"output" in: offgrid.lydrc:130
    Edge pairs: 0 (flat)  0 (hierarchical)
    Elapsed: 0.010s  Memory: 586.00M
"ongrid" in: offgrid.lydrc:131
    Edge pairs: 0 (flat)  0 (hierarchical)
    Elapsed: 0.070s  Memory: 586.00M
"output" in: offgrid.lydrc:131
    Edge pairs: 0 (flat)  0 (hierarchical)
    Elapsed: 0.010s  Memory: 586.00M
"with_angle" in: offgrid.lydrc:132
    Edge pairs: 0 (flat)  0 (hierarchical)
    Elapsed: 0.010s  Memory: 586.00M
"output" in: offgrid.lydrc:132
    Edge pairs: 0 (flat)  0 (hierarchical)
    Elapsed: 0.020s  Memory: 586.00M
"ongrid" in: offgrid.lydrc:133
    Edge pairs: 0 (flat)  0 (hierarchical)
    Elapsed: 0.060s  Memory: 586.00M
"output" in: offgrid.lydrc:133
    Edge pairs: 0 (flat)  0 (hierarchical)
    Elapsed: 0.020s  Memory: 586.00M
"with_angle" in: offgrid.lydrc:134
    Edge pairs: 0 (flat)  0 (hierarchical)
    Elapsed: 0.010s  Memory: 586.00M
"output" in: offgrid.lydrc:134
    Edge pairs: 0 (flat)  0 (hierarchical)
    Elapsed: 0.010s  Memory: 586.00M
"ongrid" in: offgrid.lydrc:135
    Edge pairs: 0 (flat)  0 (hierarchical)
    Elapsed: 1.170s  Memory: 586.00M
"output" in: offgrid.lydrc:135
    Edge pairs: 0 (flat)  0 (hierarchical)
    Elapsed: 0.020s  Memory: 586.00M
"with_angle" in: offgrid.lydrc:136
    Edge pairs: 0 (flat)  0 (hierarchical)
    Elapsed: 0.010s  Memory: 586.00M
"output" in: offgrid.lydrc:136
    Edge pairs: 0 (flat)  0 (hierarchical)
    Elapsed: 0.010s  Memory: 586.00M
"ongrid" in: offgrid.lydrc:137
    Edge pairs: 0 (flat)  0 (hierarchical)
    Elapsed: 0.080s  Memory: 586.00M
"output" in: offgrid.lydrc:137
    Edge pairs: 0 (flat)  0 (hierarchical)
    Elapsed: 0.010s  Memory: 586.00M
"with_angle" in: offgrid.lydrc:138
    Edge pairs: 0 (flat)  0 (hierarchical)
    Elapsed: 0.010s  Memory: 586.00M
"output" in: offgrid.lydrc:138
    Edge pairs: 0 (flat)  0 (hierarchical)
    Elapsed: 0.010s  Memory: 586.00M
"ongrid" in: offgrid.lydrc:139
    Edge pairs: 0 (flat)  0 (hierarchical)
    Elapsed: 0.060s  Memory: 586.00M
"output" in: offgrid.lydrc:139
    Edge pairs: 0 (flat)  0 (hierarchical)
    Elapsed: 0.020s  Memory: 586.00M
"with_angle" in: offgrid.lydrc:140
    Edge pairs: 0 (flat)  0 (hierarchical)
    Elapsed: 0.020s  Memory: 586.00M
"output" in: offgrid.lydrc:140
    Edge pairs: 0 (flat)  0 (hierarchical)
    Elapsed: 0.010s  Memory: 586.00M
"ongrid" in: offgrid.lydrc:141
    Edge pairs: 0 (flat)  0 (hierarchical)
    Elapsed: 0.060s  Memory: 586.00M
"output" in: offgrid.lydrc:141
    Edge pairs: 0 (flat)  0 (hierarchical)
    Elapsed: 0.010s  Memory: 586.00M
"with_angle" in: offgrid.lydrc:142
    Edge pairs: 0 (flat)  0 (hierarchical)
    Elapsed: 0.010s  Memory: 586.00M
"output" in: offgrid.lydrc:142
    Edge pairs: 0 (flat)  0 (hierarchical)
    Elapsed: 0.010s  Memory: 586.00M
"ongrid" in: offgrid.lydrc:143
    Edge pairs: 0 (flat)  0 (hierarchical)
    Elapsed: 0.230s  Memory: 586.00M
"output" in: offgrid.lydrc:143
    Edge pairs: 0 (flat)  0 (hierarchical)
    Elapsed: 0.020s  Memory: 586.00M
"ongrid" in: offgrid.lydrc:144
    Edge pairs: 0 (flat)  0 (hierarchical)
    Elapsed: 0.100s  Memory: 586.00M
"output" in: offgrid.lydrc:144
    Edge pairs: 0 (flat)  0 (hierarchical)
    Elapsed: 0.020s  Memory: 586.00M
"and" in: offgrid.lydrc:145
    Polygons (raw): 0 (flat)  0 (hierarchical)
    Elapsed: 0.020s  Memory: 586.00M
"not" in: offgrid.lydrc:145
    Polygons (raw): 77041 (flat)  128 (hierarchical)
    Elapsed: 0.020s  Memory: 586.00M
"with_angle" in: offgrid.lydrc:145
    Edge pairs: 0 (flat)  0 (hierarchical)
    Elapsed: 0.020s  Memory: 586.00M
"output" in: offgrid.lydrc:145
    Edge pairs: 0 (flat)  0 (hierarchical)
    Elapsed: 0.010s  Memory: 586.00M
"and" in: offgrid.lydrc:146
    Polygons (raw): 0 (flat)  0 (hierarchical)
    Elapsed: 0.010s  Memory: 586.00M
"and" in: offgrid.lydrc:146
    Polygons (raw): 0 (flat)  0 (hierarchical)
    Elapsed: 0.010s  Memory: 586.00M
"with_angle" in: offgrid.lydrc:146
    Edge pairs: 0 (flat)  0 (hierarchical)
    Elapsed: 0.040s  Memory: 586.00M
"output" in: offgrid.lydrc:146
    Edge pairs: 0 (flat)  0 (hierarchical)
    Elapsed: 0.010s  Memory: 586.00M
"and" in: offgrid.lydrc:147
    Polygons (raw): 0 (flat)  0 (hierarchical)
    Elapsed: 0.010s  Memory: 586.00M
"not" in: offgrid.lydrc:147
    Polygons (raw): 14552 (flat)  2 (hierarchical)
    Elapsed: 0.020s  Memory: 586.00M
"with_angle" in: offgrid.lydrc:147
    Edge pairs: 0 (flat)  0 (hierarchical)
    Elapsed: 0.020s  Memory: 586.00M
"output" in: offgrid.lydrc:147
    Edge pairs: 0 (flat)  0 (hierarchical)
    Elapsed: 0.020s  Memory: 586.00M
"and" in: offgrid.lydrc:148
    Polygons (raw): 0 (flat)  0 (hierarchical)
    Elapsed: 0.010s  Memory: 586.00M
"and" in: offgrid.lydrc:148
    Polygons (raw): 0 (flat)  0 (hierarchical)
    Elapsed: 0.010s  Memory: 586.00M
"with_angle" in: offgrid.lydrc:148
    Edge pairs: 0 (flat)  0 (hierarchical)
    Elapsed: 0.040s  Memory: 586.00M
"output" in: offgrid.lydrc:148
    Edge pairs: 0 (flat)  0 (hierarchical)
    Elapsed: 0.010s  Memory: 586.00M
"ongrid" in: offgrid.lydrc:149
    Edge pairs: 0 (flat)  0 (hierarchical)
    Elapsed: 0.050s  Memory: 586.00M
"output" in: offgrid.lydrc:149
    Edge pairs: 0 (flat)  0 (hierarchical)
    Elapsed: 0.010s  Memory: 586.00M
"with_angle" in: offgrid.lydrc:150
    Edge pairs: 0 (flat)  0 (hierarchical)
    Elapsed: 0.010s  Memory: 586.00M
"output" in: offgrid.lydrc:150
    Edge pairs: 0 (flat)  0 (hierarchical)
    Elapsed: 0.010s  Memory: 586.00M
"ongrid" in: offgrid.lydrc:151
    Edge pairs: 0 (flat)  0 (hierarchical)
    Elapsed: 0.240s  Memory: 586.00M
"output" in: offgrid.lydrc:151
    Edge pairs: 0 (flat)  0 (hierarchical)
    Elapsed: 0.020s  Memory: 586.00M
"with_angle" in: offgrid.lydrc:152
    Edge pairs: 0 (flat)  0 (hierarchical)
    Elapsed: 0.020s  Memory: 586.00M
"output" in: offgrid.lydrc:152
    Edge pairs: 0 (flat)  0 (hierarchical)
    Elapsed: 0.020s  Memory: 586.00M
"ongrid" in: offgrid.lydrc:153
    Edge pairs: 0 (flat)  0 (hierarchical)
    Elapsed: 0.060s  Memory: 586.00M
"output" in: offgrid.lydrc:153
    Edge pairs: 0 (flat)  0 (hierarchical)
    Elapsed: 0.010s  Memory: 586.00M
"with_angle" in: offgrid.lydrc:154
    Edge pairs: 0 (flat)  0 (hierarchical)
    Elapsed: 0.010s  Memory: 586.00M
"output" in: offgrid.lydrc:154
    Edge pairs: 0 (flat)  0 (hierarchical)
    Elapsed: 0.010s  Memory: 586.00M
"ongrid" in: offgrid.lydrc:155
    Edge pairs: 0 (flat)  0 (hierarchical)
    Elapsed: 0.760s  Memory: 586.00M
"output" in: offgrid.lydrc:155
    Edge pairs: 0 (flat)  0 (hierarchical)
    Elapsed: 0.010s  Memory: 586.00M
"with_angle" in: offgrid.lydrc:156
    Edge pairs: 0 (flat)  0 (hierarchical)
    Elapsed: 0.030s  Memory: 586.00M
"output" in: offgrid.lydrc:156
    Edge pairs: 0 (flat)  0 (hierarchical)
    Elapsed: 0.010s  Memory: 586.00M
"ongrid" in: offgrid.lydrc:157
    Edge pairs: 0 (flat)  0 (hierarchical)
    Elapsed: 1.290s  Memory: 583.00M
"output" in: offgrid.lydrc:157
    Edge pairs: 0 (flat)  0 (hierarchical)
    Elapsed: 0.020s  Memory: 583.00M
"with_angle" in: offgrid.lydrc:158
    Edge pairs: 0 (flat)  0 (hierarchical)
    Elapsed: 0.020s  Memory: 583.00M
"output" in: offgrid.lydrc:158
    Edge pairs: 0 (flat)  0 (hierarchical)
    Elapsed: 0.010s  Memory: 583.00M
"ongrid" in: offgrid.lydrc:159
    Edge pairs: 0 (flat)  0 (hierarchical)
    Elapsed: 1.330s  Memory: 587.00M
"output" in: offgrid.lydrc:159
    Edge pairs: 0 (flat)  0 (hierarchical)
    Elapsed: 0.010s  Memory: 587.00M
"with_angle" in: offgrid.lydrc:160
    Edge pairs: 0 (flat)  0 (hierarchical)
    Elapsed: 0.020s  Memory: 587.00M
"output" in: offgrid.lydrc:160
    Edge pairs: 0 (flat)  0 (hierarchical)
    Elapsed: 0.020s  Memory: 587.00M
"ongrid" in: offgrid.lydrc:161
    Edge pairs: 0 (flat)  0 (hierarchical)
    Elapsed: 0.280s  Memory: 587.00M
"output" in: offgrid.lydrc:161
    Edge pairs: 0 (flat)  0 (hierarchical)
    Elapsed: 0.020s  Memory: 587.00M
"with_angle" in: offgrid.lydrc:162
    Edge pairs: 0 (flat)  0 (hierarchical)
    Elapsed: 0.020s  Memory: 587.00M
"output" in: offgrid.lydrc:162
    Edge pairs: 0 (flat)  0 (hierarchical)
    Elapsed: 0.010s  Memory: 587.00M
"ongrid" in: offgrid.lydrc:163
    Edge pairs: 0 (flat)  0 (hierarchical)
    Elapsed: 3.160s  Memory: 603.00M
"output" in: offgrid.lydrc:163
    Edge pairs: 0 (flat)  0 (hierarchical)
    Elapsed: 0.010s  Memory: 603.00M
"with_angle" in: offgrid.lydrc:164
    Edge pairs: 0 (flat)  0 (hierarchical)
    Elapsed: 0.070s  Memory: 603.00M
"output" in: offgrid.lydrc:164
    Edge pairs: 0 (flat)  0 (hierarchical)
    Elapsed: 0.020s  Memory: 603.00M
"ongrid" in: offgrid.lydrc:165
    Edge pairs: 0 (flat)  0 (hierarchical)
    Elapsed: 14.140s  Memory: 805.00M
"output" in: offgrid.lydrc:165
    Edge pairs: 0 (flat)  0 (hierarchical)
    Elapsed: 0.010s  Memory: 805.00M
"with_angle" in: offgrid.lydrc:166
    Edge pairs: 0 (flat)  0 (hierarchical)
    Elapsed: 0.600s  Memory: 805.00M
"output" in: offgrid.lydrc:166
    Edge pairs: 0 (flat)  0 (hierarchical)
    Elapsed: 0.010s  Memory: 805.00M
"ongrid" in: offgrid.lydrc:167
    Edge pairs: 0 (flat)  0 (hierarchical)
    Elapsed: 0.050s  Memory: 805.00M
"output" in: offgrid.lydrc:167
    Edge pairs: 0 (flat)  0 (hierarchical)
    Elapsed: 0.020s  Memory: 805.00M
"with_angle" in: offgrid.lydrc:168
    Edge pairs: 0 (flat)  0 (hierarchical)
    Elapsed: 0.020s  Memory: 805.00M
"output" in: offgrid.lydrc:168
    Edge pairs: 0 (flat)  0 (hierarchical)
    Elapsed: 0.020s  Memory: 805.00M
"ongrid" in: offgrid.lydrc:169
    Edge pairs: 0 (flat)  0 (hierarchical)
    Elapsed: 3.050s  Memory: 805.00M
"output" in: offgrid.lydrc:169
    Edge pairs: 0 (flat)  0 (hierarchical)
    Elapsed: 0.020s  Memory: 805.00M
"with_angle" in: offgrid.lydrc:170
    Edge pairs: 0 (flat)  0 (hierarchical)
    Elapsed: 0.030s  Memory: 805.00M
"output" in: offgrid.lydrc:170
    Edge pairs: 0 (flat)  0 (hierarchical)
    Elapsed: 0.010s  Memory: 805.00M
"ongrid" in: offgrid.lydrc:171
    Edge pairs: 0 (flat)  0 (hierarchical)
    Elapsed: 0.280s  Memory: 805.00M
"output" in: offgrid.lydrc:171
    Edge pairs: 0 (flat)  0 (hierarchical)
    Elapsed: 0.010s  Memory: 805.00M
"with_angle" in: offgrid.lydrc:172
    Edge pairs: 0 (flat)  0 (hierarchical)
    Elapsed: 0.030s  Memory: 805.00M
"output" in: offgrid.lydrc:172
    Edge pairs: 0 (flat)  0 (hierarchical)
    Elapsed: 0.020s  Memory: 805.00M
"ongrid" in: offgrid.lydrc:173
    Edge pairs: 0 (flat)  0 (hierarchical)
    Elapsed: 0.290s  Memory: 805.00M
"output" in: offgrid.lydrc:173
    Edge pairs: 0 (flat)  0 (hierarchical)
    Elapsed: 0.010s  Memory: 805.00M
"with_angle" in: offgrid.lydrc:174
    Edge pairs: 0 (flat)  0 (hierarchical)
    Elapsed: 0.030s  Memory: 805.00M
"output" in: offgrid.lydrc:174
    Edge pairs: 0 (flat)  0 (hierarchical)
    Elapsed: 0.010s  Memory: 805.00M
"ongrid" in: offgrid.lydrc:175
    Edge pairs: 0 (flat)  0 (hierarchical)
    Elapsed: 0.180s  Memory: 805.00M
"output" in: offgrid.lydrc:175
    Edge pairs: 0 (flat)  0 (hierarchical)
    Elapsed: 0.020s  Memory: 805.00M
"with_angle" in: offgrid.lydrc:176
    Edge pairs: 0 (flat)  0 (hierarchical)
    Elapsed: 0.020s  Memory: 805.00M
"output" in: offgrid.lydrc:176
    Edge pairs: 0 (flat)  0 (hierarchical)
    Elapsed: 0.010s  Memory: 805.00M
"ongrid" in: offgrid.lydrc:177
    Edge pairs: 0 (flat)  0 (hierarchical)
    Elapsed: 0.120s  Memory: 805.00M
"output" in: offgrid.lydrc:177
    Edge pairs: 0 (flat)  0 (hierarchical)
    Elapsed: 0.010s  Memory: 805.00M
"with_angle" in: offgrid.lydrc:178
    Edge pairs: 0 (flat)  0 (hierarchical)
    Elapsed: 0.020s  Memory: 805.00M
"output" in: offgrid.lydrc:178
    Edge pairs: 0 (flat)  0 (hierarchical)
    Elapsed: 0.010s  Memory: 805.00M
"ongrid" in: offgrid.lydrc:179
    Edge pairs: 0 (flat)  0 (hierarchical)
    Elapsed: 0.160s  Memory: 805.00M
"output" in: offgrid.lydrc:179
    Edge pairs: 0 (flat)  0 (hierarchical)
    Elapsed: 0.010s  Memory: 805.00M
"with_angle" in: offgrid.lydrc:180
    Edge pairs: 0 (flat)  0 (hierarchical)
    Elapsed: 0.030s  Memory: 805.00M
"output" in: offgrid.lydrc:180
    Edge pairs: 0 (flat)  0 (hierarchical)
    Elapsed: 0.020s  Memory: 805.00M
"ongrid" in: offgrid.lydrc:181
    Edge pairs: 0 (flat)  0 (hierarchical)
    Elapsed: 0.060s  Memory: 805.00M
"output" in: offgrid.lydrc:181
    Edge pairs: 0 (flat)  0 (hierarchical)
    Elapsed: 0.010s  Memory: 805.00M
"with_angle" in: offgrid.lydrc:182
    Edge pairs: 0 (flat)  0 (hierarchical)
    Elapsed: 0.010s  Memory: 805.00M
"output" in: offgrid.lydrc:182
    Edge pairs: 0 (flat)  0 (hierarchical)
    Elapsed: 0.010s  Memory: 805.00M
"ongrid" in: offgrid.lydrc:183
    Edge pairs: 0 (flat)  0 (hierarchical)
    Elapsed: 0.080s  Memory: 805.00M
"output" in: offgrid.lydrc:183
    Edge pairs: 0 (flat)  0 (hierarchical)
    Elapsed: 0.010s  Memory: 805.00M
"with_angle" in: offgrid.lydrc:184
    Edge pairs: 0 (flat)  0 (hierarchical)
    Elapsed: 0.010s  Memory: 805.00M
"output" in: offgrid.lydrc:184
    Edge pairs: 0 (flat)  0 (hierarchical)
    Elapsed: 0.010s  Memory: 805.00M
"ongrid" in: offgrid.lydrc:185
    Edge pairs: 0 (flat)  0 (hierarchical)
    Elapsed: 0.280s  Memory: 805.00M
"output" in: offgrid.lydrc:185
    Edge pairs: 0 (flat)  0 (hierarchical)
    Elapsed: 0.010s  Memory: 805.00M
"with_angle" in: offgrid.lydrc:186
    Edge pairs: 0 (flat)  0 (hierarchical)
    Elapsed: 0.030s  Memory: 805.00M
"output" in: offgrid.lydrc:186
    Edge pairs: 0 (flat)  0 (hierarchical)
    Elapsed: 0.020s  Memory: 805.00M
"ongrid" in: offgrid.lydrc:187
    Edge pairs: 0 (flat)  0 (hierarchical)
    Elapsed: 0.060s  Memory: 805.00M
"output" in: offgrid.lydrc:187
    Edge pairs: 0 (flat)  0 (hierarchical)
    Elapsed: 0.010s  Memory: 805.00M
"with_angle" in: offgrid.lydrc:188
    Edge pairs: 0 (flat)  0 (hierarchical)
    Elapsed: 0.020s  Memory: 805.00M
"output" in: offgrid.lydrc:188
    Edge pairs: 0 (flat)  0 (hierarchical)
    Elapsed: 0.010s  Memory: 805.00M
"ongrid" in: offgrid.lydrc:189
    Edge pairs: 0 (flat)  0 (hierarchical)
    Elapsed: 0.060s  Memory: 805.00M
"output" in: offgrid.lydrc:189
    Edge pairs: 0 (flat)  0 (hierarchical)
    Elapsed: 0.020s  Memory: 805.00M
"with_angle" in: offgrid.lydrc:190
    Edge pairs: 0 (flat)  0 (hierarchical)
    Elapsed: 0.020s  Memory: 805.00M
"output" in: offgrid.lydrc:190
    Edge pairs: 0 (flat)  0 (hierarchical)
    Elapsed: 0.020s  Memory: 805.00M
"ongrid" in: offgrid.lydrc:191
    Edge pairs: 0 (flat)  0 (hierarchical)
    Elapsed: 0.060s  Memory: 805.00M
"output" in: offgrid.lydrc:191
    Edge pairs: 0 (flat)  0 (hierarchical)
    Elapsed: 0.020s  Memory: 805.00M
"with_angle" in: offgrid.lydrc:192
    Edge pairs: 0 (flat)  0 (hierarchical)
    Elapsed: 0.010s  Memory: 805.00M
"output" in: offgrid.lydrc:192
    Edge pairs: 0 (flat)  0 (hierarchical)
    Elapsed: 0.010s  Memory: 805.00M
"ongrid" in: offgrid.lydrc:193
    Edge pairs: 0 (flat)  0 (hierarchical)
    Elapsed: 0.060s  Memory: 805.00M
"output" in: offgrid.lydrc:193
    Edge pairs: 0 (flat)  0 (hierarchical)
    Elapsed: 0.020s  Memory: 805.00M
"with_angle" in: offgrid.lydrc:194
    Edge pairs: 0 (flat)  0 (hierarchical)
    Elapsed: 0.010s  Memory: 805.00M
"output" in: offgrid.lydrc:194
    Edge pairs: 0 (flat)  0 (hierarchical)
    Elapsed: 0.010s  Memory: 805.00M
"ongrid" in: offgrid.lydrc:195
    Edge pairs: 0 (flat)  0 (hierarchical)
    Elapsed: 0.050s  Memory: 805.00M
"output" in: offgrid.lydrc:195
    Edge pairs: 0 (flat)  0 (hierarchical)
    Elapsed: 0.010s  Memory: 805.00M
"with_angle" in: offgrid.lydrc:196
    Edge pairs: 0 (flat)  0 (hierarchical)
    Elapsed: 0.020s  Memory: 805.00M
"output" in: offgrid.lydrc:196
    Edge pairs: 0 (flat)  0 (hierarchical)
    Elapsed: 0.020s  Memory: 805.00M
"ongrid" in: offgrid.lydrc:197
    Edge pairs: 0 (flat)  0 (hierarchical)
    Elapsed: 0.060s  Memory: 805.00M
"output" in: offgrid.lydrc:197
    Edge pairs: 0 (flat)  0 (hierarchical)
    Elapsed: 0.010s  Memory: 805.00M
"with_angle" in: offgrid.lydrc:198
    Edge pairs: 0 (flat)  0 (hierarchical)
    Elapsed: 0.010s  Memory: 805.00M
"output" in: offgrid.lydrc:198
    Edge pairs: 0 (flat)  0 (hierarchical)
    Elapsed: 0.010s  Memory: 805.00M
"ongrid" in: offgrid.lydrc:199
    Edge pairs: 0 (flat)  0 (hierarchical)
    Elapsed: 0.050s  Memory: 805.00M
"output" in: offgrid.lydrc:199
    Edge pairs: 0 (flat)  0 (hierarchical)
    Elapsed: 0.010s  Memory: 805.00M
"with_angle" in: offgrid.lydrc:200
    Edge pairs: 0 (flat)  0 (hierarchical)
    Elapsed: 0.020s  Memory: 805.00M
"output" in: offgrid.lydrc:200
    Edge pairs: 0 (flat)  0 (hierarchical)
    Elapsed: 0.020s  Memory: 805.00M
"ongrid" in: offgrid.lydrc:201
    Edge pairs: 0 (flat)  0 (hierarchical)
    Elapsed: 0.060s  Memory: 805.00M
"output" in: offgrid.lydrc:201
    Edge pairs: 0 (flat)  0 (hierarchical)
    Elapsed: 0.020s  Memory: 805.00M
"with_angle" in: offgrid.lydrc:202
    Edge pairs: 0 (flat)  0 (hierarchical)
    Elapsed: 0.010s  Memory: 805.00M
"output" in: offgrid.lydrc:202
    Edge pairs: 0 (flat)  0 (hierarchical)
    Elapsed: 0.020s  Memory: 805.00M
"ongrid" in: offgrid.lydrc:203
    Edge pairs: 0 (flat)  0 (hierarchical)
    Elapsed: 0.060s  Memory: 805.00M
"output" in: offgrid.lydrc:203
    Edge pairs: 0 (flat)  0 (hierarchical)
    Elapsed: 0.020s  Memory: 805.00M
Writing report database: /home/drako/inventory/shuttle/caravel_tutorial/caravel_example/precheck_results/20_MAR_2022___10_58_19/outputs/reports/klayout_offgrid_check.xml ..
Total elapsed: 35.880s  Memory: 697.00M
