/home/drako/inventory/shuttle/precheck/checks/tech-files/sky130A_mr.drc:38: warning: already initialized constant DRC::DRCEngine::FEOL
/home/drako/inventory/shuttle/precheck/checks/tech-files/sky130A_mr.drc:28: warning: previous definition of FEOL was here
/home/drako/inventory/shuttle/precheck/checks/tech-files/sky130A_mr.drc:42: warning: already initialized constant DRC::DRCEngine::BEOL
/home/drako/inventory/shuttle/precheck/checks/tech-files/sky130A_mr.drc:29: warning: previous definition of BEOL was here
/home/drako/inventory/shuttle/precheck/checks/tech-files/sky130A_mr.drc:50: warning: already initialized constant DRC::DRCEngine::OFFGRID
/home/drako/inventory/shuttle/precheck/checks/tech-files/sky130A_mr.drc:30: warning: previous definition of OFFGRID was here
/home/drako/inventory/shuttle/precheck/checks/tech-files/sky130A_mr.drc:56: warning: already initialized constant DRC::DRCEngine::SEAL
/home/drako/inventory/shuttle/precheck/checks/tech-files/sky130A_mr.drc:31: warning: previous definition of SEAL was here
/home/drako/inventory/shuttle/precheck/checks/tech-files/sky130A_mr.drc:62: warning: already initialized constant DRC::DRCEngine::FLOATING_MET
/home/drako/inventory/shuttle/precheck/checks/tech-files/sky130A_mr.drc:32: warning: previous definition of FLOATING_MET was here
"input" in: sky130A_mr.drc:107
    Polygons (raw): 77041 (flat)  128 (hierarchical)
    Elapsed: 0.050s  Memory: 565.00M
"polygons" in: sky130A_mr.drc:108
    Polygons (raw): 14552 (flat)  2 (hierarchical)
    Elapsed: 0.040s  Memory: 565.00M
"polygons" in: sky130A_mr.drc:109
    Polygons (raw): 53231 (flat)  53 (hierarchical)
    Elapsed: 0.040s  Memory: 565.00M
"polygons" in: sky130A_mr.drc:110
    Polygons (raw): 0 (flat)  0 (hierarchical)
    Elapsed: 0.010s  Memory: 565.00M
"polygons" in: sky130A_mr.drc:111
    Polygons (raw): 0 (flat)  0 (hierarchical)
    Elapsed: 0.020s  Memory: 565.00M
"polygons" in: sky130A_mr.drc:112
    Polygons (raw): 0 (flat)  0 (hierarchical)
    Elapsed: 0.020s  Memory: 565.00M
"polygons" in: sky130A_mr.drc:113
    Polygons (raw): 0 (flat)  0 (hierarchical)
    Elapsed: 0.020s  Memory: 565.00M
"polygons" in: sky130A_mr.drc:114
    Polygons (raw): 0 (flat)  0 (hierarchical)
    Elapsed: 0.010s  Memory: 565.00M
"polygons" in: sky130A_mr.drc:115
    Polygons (raw): 53353 (flat)  55 (hierarchical)
    Elapsed: 0.030s  Memory: 565.00M
"polygons" in: sky130A_mr.drc:116
    Polygons (raw): 0 (flat)  0 (hierarchical)
    Elapsed: 0.010s  Memory: 565.00M
"polygons" in: sky130A_mr.drc:117
    Polygons (raw): 0 (flat)  0 (hierarchical)
    Elapsed: 0.010s  Memory: 565.00M
"polygons" in: sky130A_mr.drc:118
    Polygons (raw): 0 (flat)  0 (hierarchical)
    Elapsed: 0.010s  Memory: 565.00M
"polygons" in: sky130A_mr.drc:119
    Polygons (raw): 0 (flat)  0 (hierarchical)
    Elapsed: 0.010s  Memory: 565.00M
"polygons" in: sky130A_mr.drc:120
    Polygons (raw): 78318 (flat)  279 (hierarchical)
    Elapsed: 0.030s  Memory: 565.00M
"polygons" in: sky130A_mr.drc:121
    Polygons (raw): 0 (flat)  0 (hierarchical)
    Elapsed: 0.010s  Memory: 565.00M
"polygons" in: sky130A_mr.drc:122
    Polygons (raw): 60507 (flat)  54 (hierarchical)
    Elapsed: 0.040s  Memory: 565.00M
"polygons" in: sky130A_mr.drc:123
    Polygons (raw): 60507 (flat)  54 (hierarchical)
    Elapsed: 0.040s  Memory: 565.00M
"polygons" in: sky130A_mr.drc:124
    Polygons (raw): 0 (flat)  0 (hierarchical)
    Elapsed: 0.010s  Memory: 565.00M
"polygons" in: sky130A_mr.drc:125
    Polygons (raw): 0 (flat)  0 (hierarchical)
    Elapsed: 0.010s  Memory: 565.00M
"polygons" in: sky130A_mr.drc:126
    Polygons (raw): 38331 (flat)  60 (hierarchical)
    Elapsed: 0.040s  Memory: 565.00M
"polygons" in: sky130A_mr.drc:127
    Polygons (raw): 522098 (flat)  1136 (hierarchical)
    Elapsed: 0.040s  Memory: 565.00M
"polygons" in: sky130A_mr.drc:129
    Polygons (raw): 130935 (flat)  3328 (hierarchical)
    Elapsed: 0.040s  Memory: 565.00M
"polygons" in: sky130A_mr.drc:130
    Polygons (raw): 822351 (flat)  3533 (hierarchical)
    Elapsed: 0.040s  Memory: 565.00M
"polygons" in: sky130A_mr.drc:132
    Polygons (raw): 127576 (flat)  20968 (hierarchical)
    Elapsed: 0.060s  Memory: 565.00M
"polygons" in: sky130A_mr.drc:133
    Polygons (raw): 12165 (flat)  12165 (hierarchical)
    Elapsed: 0.050s  Memory: 565.00M
"polygons" in: sky130A_mr.drc:135
    Polygons (raw): 16398 (flat)  16398 (hierarchical)
    Elapsed: 0.060s  Memory: 565.00M
"polygons" in: sky130A_mr.drc:136
    Polygons (raw): 6443 (flat)  6443 (hierarchical)
    Elapsed: 0.050s  Memory: 565.00M
"polygons" in: sky130A_mr.drc:138
    Polygons (raw): 6372 (flat)  6372 (hierarchical)
    Elapsed: 0.050s  Memory: 565.00M
"polygons" in: sky130A_mr.drc:139
    Polygons (raw): 5620 (flat)  5620 (hierarchical)
    Elapsed: 0.040s  Memory: 565.00M
"polygons" in: sky130A_mr.drc:141
    Polygons (raw): 1061 (flat)  1061 (hierarchical)
    Elapsed: 0.040s  Memory: 565.00M
"polygons" in: sky130A_mr.drc:142
    Polygons (raw): 12088 (flat)  12088 (hierarchical)
    Elapsed: 0.030s  Memory: 566.00M
"polygons" in: sky130A_mr.drc:144
    Polygons (raw): 172 (flat)  172 (hierarchical)
    Elapsed: 0.020s  Memory: 566.00M
"polygons" in: sky130A_mr.drc:146
    Polygons (raw): 0 (flat)  0 (hierarchical)
    Elapsed: 0.020s  Memory: 566.00M
"polygons" in: sky130A_mr.drc:147
    Polygons (raw): 0 (flat)  0 (hierarchical)
    Elapsed: 0.020s  Memory: 566.00M
"polygons" in: sky130A_mr.drc:148
    Polygons (raw): 0 (flat)  0 (hierarchical)
    Elapsed: 0.020s  Memory: 566.00M
"polygons" in: sky130A_mr.drc:149
    Polygons (raw): 0 (flat)  0 (hierarchical)
    Elapsed: 0.010s  Memory: 566.00M
"polygons" in: sky130A_mr.drc:150
    Polygons (raw): 0 (flat)  0 (hierarchical)
    Elapsed: 0.010s  Memory: 566.00M
"polygons" in: sky130A_mr.drc:151
    Polygons (raw): 0 (flat)  0 (hierarchical)
    Elapsed: 0.010s  Memory: 566.00M
"polygons" in: sky130A_mr.drc:152
    Polygons (raw): 0 (flat)  0 (hierarchical)
    Elapsed: 0.010s  Memory: 566.00M
"polygons" in: sky130A_mr.drc:153
    Polygons (raw): 0 (flat)  0 (hierarchical)
    Elapsed: 0.020s  Memory: 566.00M
"polygons" in: sky130A_mr.drc:154
    Polygons (raw): 0 (flat)  0 (hierarchical)
    Elapsed: 0.020s  Memory: 566.00M
"polygons" in: sky130A_mr.drc:155
    Polygons (raw): 0 (flat)  0 (hierarchical)
    Elapsed: 0.010s  Memory: 566.00M
"polygons" in: sky130A_mr.drc:156
    Polygons (raw): 0 (flat)  0 (hierarchical)
    Elapsed: 0.010s  Memory: 566.00M
"polygons" in: sky130A_mr.drc:157
    Polygons (raw): 0 (flat)  0 (hierarchical)
    Elapsed: 0.010s  Memory: 566.00M
"polygons" in: sky130A_mr.drc:158
    Polygons (raw): 0 (flat)  0 (hierarchical)
    Elapsed: 0.020s  Memory: 566.00M
"polygons" in: sky130A_mr.drc:159
    Polygons (raw): 0 (flat)  0 (hierarchical)
    Elapsed: 0.020s  Memory: 566.00M
"polygons" in: sky130A_mr.drc:160
    Polygons (raw): 0 (flat)  0 (hierarchical)
    Elapsed: 0.020s  Memory: 566.00M
"polygons" in: sky130A_mr.drc:161
    Polygons (raw): 0 (flat)  0 (hierarchical)
    Elapsed: 0.020s  Memory: 566.00M
"polygons" in: sky130A_mr.drc:162
    Polygons (raw): 0 (flat)  0 (hierarchical)
    Elapsed: 0.010s  Memory: 566.00M
"polygons" in: sky130A_mr.drc:163
    Polygons (raw): 53231 (flat)  53 (hierarchical)
    Elapsed: 0.030s  Memory: 566.00M
"polygons" in: sky130A_mr.drc:164
    Polygons (raw): 0 (flat)  0 (hierarchical)
    Elapsed: 0.020s  Memory: 566.00M
"polygons" in: sky130A_mr.drc:165
    Polygons (raw): 0 (flat)  0 (hierarchical)
    Elapsed: 0.020s  Memory: 566.00M
"polygons" in: sky130A_mr.drc:166
    Polygons (raw): 0 (flat)  0 (hierarchical)
    Elapsed: 0.020s  Memory: 566.00M
"polygons" in: sky130A_mr.drc:167
    Polygons (raw): 0 (flat)  0 (hierarchical)
    Elapsed: 0.010s  Memory: 566.00M
"polygons" in: sky130A_mr.drc:168
    Polygons (raw): 0 (flat)  0 (hierarchical)
    Elapsed: 0.010s  Memory: 566.00M
"polygons" in: sky130A_mr.drc:169
    Polygons (raw): 0 (flat)  0 (hierarchical)
    Elapsed: 0.010s  Memory: 566.00M
"polygons" in: sky130A_mr.drc:170
    Polygons (raw): 0 (flat)  0 (hierarchical)
    Elapsed: 0.010s  Memory: 566.00M
"polygons" in: sky130A_mr.drc:171
    Polygons (raw): 2 (flat)  2 (hierarchical)
    Elapsed: 0.040s  Memory: 566.00M
"polygons" in: sky130A_mr.drc:172
    Polygons (raw): 0 (flat)  0 (hierarchical)
    Elapsed: 0.010s  Memory: 566.00M
"polygons" in: sky130A_mr.drc:173
    Polygons (raw): 0 (flat)  0 (hierarchical)
    Elapsed: 0.010s  Memory: 566.00M
"polygons" in: sky130A_mr.drc:174
    Polygons (raw): 0 (flat)  0 (hierarchical)
    Elapsed: 0.010s  Memory: 566.00M
"polygons" in: sky130A_mr.drc:175
    Polygons (raw): 0 (flat)  0 (hierarchical)
    Elapsed: 0.020s  Memory: 566.00M
"polygons" in: sky130A_mr.drc:176
    Polygons (raw): 664 (flat)  1 (hierarchical)
    Elapsed: 0.040s  Memory: 566.00M
"polygons" in: sky130A_mr.drc:177
    Polygons (raw): 0 (flat)  0 (hierarchical)
    Elapsed: 0.010s  Memory: 566.00M
"polygons" in: sky130A_mr.drc:178
    Polygons (raw): 0 (flat)  0 (hierarchical)
    Elapsed: 0.010s  Memory: 566.00M
"polygons" in: sky130A_mr.drc:179
    Polygons (raw): 0 (flat)  0 (hierarchical)
    Elapsed: 0.010s  Memory: 566.00M
"polygons" in: sky130A_mr.drc:180
    Polygons (raw): 0 (flat)  0 (hierarchical)
    Elapsed: 0.020s  Memory: 566.00M
"polygons" in: sky130A_mr.drc:181
    Polygons (raw): 0 (flat)  0 (hierarchical)
    Elapsed: 0.020s  Memory: 566.00M
"polygons" in: sky130A_mr.drc:182
    Polygons (raw): 0 (flat)  0 (hierarchical)
    Elapsed: 0.020s  Memory: 566.00M
"polygons" in: sky130A_mr.drc:183
    Polygons (raw): 0 (flat)  0 (hierarchical)
    Elapsed: 0.010s  Memory: 566.00M
"polygons" in: sky130A_mr.drc:184
    Polygons (raw): 0 (flat)  0 (hierarchical)
    Elapsed: 0.010s  Memory: 566.00M
"polygons" in: sky130A_mr.drc:185
    Polygons (raw): 0 (flat)  0 (hierarchical)
    Elapsed: 0.010s  Memory: 566.00M
"polygons" in: sky130A_mr.drc:186
    Polygons (raw): 0 (flat)  0 (hierarchical)
    Elapsed: 0.010s  Memory: 566.00M
"polygons" in: sky130A_mr.drc:187
    Polygons (raw): 0 (flat)  0 (hierarchical)
    Elapsed: 0.010s  Memory: 566.00M
"polygons" in: sky130A_mr.drc:188
    Polygons (raw): 0 (flat)  0 (hierarchical)
    Elapsed: 0.010s  Memory: 566.00M
"polygons" in: sky130A_mr.drc:189
    Polygons (raw): 0 (flat)  0 (hierarchical)
    Elapsed: 0.010s  Memory: 566.00M
"polygons" in: sky130A_mr.drc:190
    Polygons (raw): 0 (flat)  0 (hierarchical)
    Elapsed: 0.010s  Memory: 566.00M
"polygons" in: sky130A_mr.drc:191
    Polygons (raw): 0 (flat)  0 (hierarchical)
    Elapsed: 0.010s  Memory: 566.00M
"polygons" in: sky130A_mr.drc:192
    Polygons (raw): 0 (flat)  0 (hierarchical)
    Elapsed: 0.010s  Memory: 566.00M
"polygons" in: sky130A_mr.drc:193
    Polygons (raw): 0 (flat)  0 (hierarchical)
    Elapsed: 0.020s  Memory: 566.00M
"polygons" in: sky130A_mr.drc:194
    Polygons (raw): 0 (flat)  0 (hierarchical)
    Elapsed: 0.010s  Memory: 566.00M
"polygons" in: sky130A_mr.drc:195
    Polygons (raw): 0 (flat)  0 (hierarchical)
    Elapsed: 0.010s  Memory: 566.00M
"polygons" in: sky130A_mr.drc:196
    Polygons (raw): 0 (flat)  0 (hierarchical)
    Elapsed: 0.010s  Memory: 566.00M
"polygons" in: sky130A_mr.drc:197
    Polygons (raw): 0 (flat)  0 (hierarchical)
    Elapsed: 0.020s  Memory: 566.00M
"polygons" in: sky130A_mr.drc:198
    Polygons (raw): 0 (flat)  0 (hierarchical)
    Elapsed: 0.020s  Memory: 566.00M
DRC section
BEOL section
START: 67/20 (li)
"not" in: sky130A_mr.drc:371
    Polygons (raw): 130935 (flat)  3328 (hierarchical)
    Elapsed: 0.010s  Memory: 566.00M
"width" in: sky130A_mr.drc:372
    Edge pairs: 0 (flat)  0 (hierarchical)
    Elapsed: 3.620s  Memory: 603.00M
"output" in: sky130A_mr.drc:372
    Edge pairs: 0 (flat)  0 (hierarchical)
    Elapsed: 0.020s  Memory: 603.00M
"edges" in: sky130A_mr.drc:374
    Edges: 764670 (flat)  104504 (hierarchical)
    Elapsed: 4.160s  Memory: 1147.00M
"space" in: sky130A_mr.drc:374
    Edge pairs: 0 (flat)  0 (hierarchical)
    Elapsed: 5.990s  Memory: 1191.00M
"output" in: sky130A_mr.drc:374
    Edge pairs: 0 (flat)  0 (hierarchical)
    Elapsed: 0.010s  Memory: 1191.00M
"not" in: sky130A_mr.drc:375
    Polygons (raw): 522098 (flat)  1136 (hierarchical)
    Elapsed: 0.010s  Memory: 1191.00M
"enclosing" in: sky130A_mr.drc:376
    Edge pairs: 323013 (flat)  315130 (hierarchical)
    Elapsed: 32.450s  Memory: 1255.00M
"second_edges" in: sky130A_mr.drc:376
    Edges: 323013 (flat)  315130 (hierarchical)
    Elapsed: 0.050s  Memory: 1255.00M
"width" in: sky130A_mr.drc:377
    Edge pairs: 0 (flat)  0 (hierarchical)
    Elapsed: 2.240s  Memory: 1309.00M
"polygons" in: sky130A_mr.drc:378
    Polygons (raw): 0 (flat)  0 (hierarchical)
    Elapsed: 0.020s  Memory: 1309.00M
"interacting" in: sky130A_mr.drc:378
    Polygons (raw): 0 (flat)  0 (hierarchical)
    Elapsed: 0.340s  Memory: 1309.00M
"output" in: sky130A_mr.drc:379
    Polygons (raw): 0 (flat)  0 (hierarchical)
    Elapsed: 0.020s  Memory: 1309.00M
"with_area" in: sky130A_mr.drc:380
    Polygons (raw): 0 (flat)  0 (hierarchical)
    Elapsed: 0.080s  Memory: 1309.00M
"output" in: sky130A_mr.drc:380
    Polygons (raw): 0 (flat)  0 (hierarchical)
    Elapsed: 0.020s  Memory: 1309.00M
END: 67/20 (li)
START: 67/44 (mcon)
"not" in: sky130A_mr.drc:385
    Polygons (raw): 822351 (flat)  3533 (hierarchical)
    Elapsed: 0.020s  Memory: 1309.00M
"not" in: sky130A_mr.drc:392
    Polygons (raw): 822351 (flat)  3533 (hierarchical)
    Elapsed: 0.020s  Memory: 1309.00M
"non_rectangles" in: sky130A_mr.drc:393
    Polygons (raw): 0 (flat)  0 (hierarchical)
    Elapsed: 13.710s  Memory: 1441.00M
"output" in: sky130A_mr.drc:393
    Polygons (raw): 0 (flat)  0 (hierarchical)
    Elapsed: 0.020s  Memory: 1441.00M
"drc" in: sky130A_mr.drc:395
    Edge pairs: 0 (flat)  0 (hierarchical)
    Elapsed: 16.280s  Memory: 1449.00M
"output" in: sky130A_mr.drc:395
    Edge pairs: 0 (flat)  0 (hierarchical)
    Elapsed: 0.020s  Memory: 1449.00M
"drc" in: sky130A_mr.drc:396
    Edges: 0 (flat)  0 (hierarchical)
    Elapsed: 2.910s  Memory: 1449.00M
"output" in: sky130A_mr.drc:396
    Edges: 0 (flat)  0 (hierarchical)
    Elapsed: 0.010s  Memory: 1449.00M
"space" in: sky130A_mr.drc:397
    Edge pairs: 0 (flat)  0 (hierarchical)
    Elapsed: 2.860s  Memory: 1449.00M
"output" in: sky130A_mr.drc:397
    Edge pairs: 0 (flat)  0 (hierarchical)
    Elapsed: 0.010s  Memory: 1449.00M
"not" in: sky130A_mr.drc:403
    Polygons (raw): 0 (flat)  0 (hierarchical)
    Elapsed: 2.370s  Memory: 1449.00M
"output" in: sky130A_mr.drc:403
    Polygons (raw): 0 (flat)  0 (hierarchical)
    Elapsed: 0.010s  Memory: 1449.00M
END: 67/44 (mcon)
START: 68/20 (m1)
"width" in: sky130A_mr.drc:408
    Edge pairs: 0 (flat)  0 (hierarchical)
    Elapsed: 3.030s  Memory: 1449.00M
"output" in: sky130A_mr.drc:408
    Edge pairs: 0 (flat)  0 (hierarchical)
    Elapsed: 0.010s  Memory: 1449.00M
"sized" in: sky130A_mr.drc:409
    Polygons (raw): 0 (flat)  0 (hierarchical)
    Elapsed: 0.180s  Memory: 1449.00M
"sized" in: sky130A_mr.drc:409
    Polygons (raw): 0 (flat)  0 (hierarchical)
    Elapsed: 0.020s  Memory: 1449.00M
"snap" in: sky130A_mr.drc:409
    Polygons (raw): 0 (flat)  0 (hierarchical)
    Elapsed: 0.070s  Memory: 1449.00M
"&" in: sky130A_mr.drc:409
    Polygons (raw): 0 (flat)  0 (hierarchical)
    Elapsed: 0.010s  Memory: 1449.00M
"edges" in: sky130A_mr.drc:410
    Edges: 283945 (flat)  68861 (hierarchical)
    Elapsed: 6.090s  Memory: 1449.00M
"-" in: sky130A_mr.drc:410
    Edges: 283945 (flat)  68861 (hierarchical)
    Elapsed: 0.020s  Memory: 1449.00M
"edges" in: sky130A_mr.drc:411
    Edges: 0 (flat)  0 (hierarchical)
    Elapsed: 0.010s  Memory: 1449.00M
"merged" in: sky130A_mr.drc:411
    Polygons (raw): 4335 (flat)  4221 (hierarchical)
    Elapsed: 0.010s  Memory: 1449.00M
"outside_part" in: sky130A_mr.drc:411
    Edges: 0 (flat)  0 (hierarchical)
    Elapsed: 0.020s  Memory: 1449.00M
"space" in: sky130A_mr.drc:413
    Edge pairs: 0 (flat)  0 (hierarchical)
    Elapsed: 5.890s  Memory: 1449.00M
"output" in: sky130A_mr.drc:413
    Edge pairs: 0 (flat)  0 (hierarchical)
    Elapsed: 0.020s  Memory: 1449.00M
"separation" in: sky130A_mr.drc:415
    Edge pairs: 0 (flat)  0 (hierarchical)
    Elapsed: 0.020s  Memory: 1449.00M
"space" in: sky130A_mr.drc:415
    Edge pairs: 0 (flat)  0 (hierarchical)
    Elapsed: 0.010s  Memory: 1449.00M
"+" in: sky130A_mr.drc:415
    Edge pairs: 0 (flat)  0 (hierarchical)
    Elapsed: 0.020s  Memory: 1449.00M
"output" in: sky130A_mr.drc:415
    Edge pairs: 0 (flat)  0 (hierarchical)
    Elapsed: 0.010s  Memory: 1449.00M
"input" in: sky130A_mr.drc:419
    Polygons (raw): 127576 (flat)  21156 (hierarchical)
    Elapsed: 0.060s  Memory: 1449.00M
"enclosing" in: sky130A_mr.drc:421
    Edge pairs: 0 (flat)  0 (hierarchical)
    Elapsed: 13.880s  Memory: 1449.00M
"output" in: sky130A_mr.drc:421
    Edge pairs: 0 (flat)  0 (hierarchical)
    Elapsed: 0.020s  Memory: 1449.00M
"not" in: sky130A_mr.drc:422
    Polygons (raw): 0 (flat)  0 (hierarchical)
    Elapsed: 3.560s  Memory: 1449.00M
"output" in: sky130A_mr.drc:422
    Polygons (raw): 0 (flat)  0 (hierarchical)
    Elapsed: 0.010s  Memory: 1449.00M
"input" in: sky130A_mr.drc:424
    Polygons (raw): 0 (flat)  0 (hierarchical)
    Elapsed: 0.050s  Memory: 1449.00M
"enclosing" in: sky130A_mr.drc:425
    Edge pairs: 0 (flat)  0 (hierarchical)
    Elapsed: 0.040s  Memory: 1449.00M
"output" in: sky130A_mr.drc:425
    Edge pairs: 0 (flat)  0 (hierarchical)
    Elapsed: 0.010s  Memory: 1449.00M
"not" in: sky130A_mr.drc:427
    Polygons (raw): 0 (flat)  0 (hierarchical)
    Elapsed: 0.010s  Memory: 1449.00M
"output" in: sky130A_mr.drc:427
    Polygons (raw): 0 (flat)  0 (hierarchical)
    Elapsed: 0.010s  Memory: 1449.00M
"with_area" in: sky130A_mr.drc:429
    Polygons (raw): 0 (flat)  0 (hierarchical)
    Elapsed: 0.030s  Memory: 1449.00M
"output" in: sky130A_mr.drc:429
    Polygons (raw): 0 (flat)  0 (hierarchical)
    Elapsed: 0.020s  Memory: 1449.00M
"holes" in: sky130A_mr.drc:431
    Polygons (raw): 0 (flat)  0 (hierarchical)
    Elapsed: 0.020s  Memory: 1449.00M
"with_area" in: sky130A_mr.drc:431
    Polygons (raw): 0 (flat)  0 (hierarchical)
    Elapsed: 0.050s  Memory: 1449.00M
"output" in: sky130A_mr.drc:431
    Polygons (raw): 0 (flat)  0 (hierarchical)
    Elapsed: 0.010s  Memory: 1449.00M
"enclosing" in: sky130A_mr.drc:438
    Edge pairs: 6661 (flat)  5977 (hierarchical)
    Elapsed: 11.010s  Memory: 1449.00M
"second_edges" in: sky130A_mr.drc:438
    Edges: 6661 (flat)  5977 (hierarchical)
    Elapsed: 0.020s  Memory: 1449.00M
"width" in: sky130A_mr.drc:439
    Edge pairs: 0 (flat)  0 (hierarchical)
    Elapsed: 0.120s  Memory: 1449.00M
"polygons" in: sky130A_mr.drc:440
    Polygons (raw): 0 (flat)  0 (hierarchical)
    Elapsed: 0.010s  Memory: 1449.00M
"interacting" in: sky130A_mr.drc:440
    Polygons (raw): 0 (flat)  0 (hierarchical)
    Elapsed: 13.160s  Memory: 1463.00M
"output" in: sky130A_mr.drc:441
    Polygons (raw): 0 (flat)  0 (hierarchical)
    Elapsed: 0.020s  Memory: 1463.00M
END: 68/20 (m1)
START: 68/44 (via)
"not" in: sky130A_mr.drc:455
    Polygons (raw): 12165 (flat)  12165 (hierarchical)
    Elapsed: 0.020s  Memory: 1463.00M
"non_rectangles" in: sky130A_mr.drc:457
    Polygons (raw): 0 (flat)  0 (hierarchical)
    Elapsed: 0.260s  Memory: 1463.00M
"output" in: sky130A_mr.drc:457
    Polygons (raw): 0 (flat)  0 (hierarchical)
    Elapsed: 0.010s  Memory: 1463.00M
"width" in: sky130A_mr.drc:458
    Edge pairs: 0 (flat)  0 (hierarchical)
    Elapsed: 0.030s  Memory: 1463.00M
"output" in: sky130A_mr.drc:458
    Edge pairs: 0 (flat)  0 (hierarchical)
    Elapsed: 0.010s  Memory: 1463.00M
"drc" in: sky130A_mr.drc:460
    Edges: 0 (flat)  0 (hierarchical)
    Elapsed: 0.100s  Memory: 1463.00M
"output" in: sky130A_mr.drc:460
    Edges: 0 (flat)  0 (hierarchical)
    Elapsed: 0.010s  Memory: 1463.00M
"space" in: sky130A_mr.drc:462
    Edge pairs: 0 (flat)  0 (hierarchical)
    Elapsed: 0.330s  Memory: 1463.00M
"output" in: sky130A_mr.drc:462
    Edge pairs: 0 (flat)  0 (hierarchical)
    Elapsed: 0.010s  Memory: 1463.00M
"edges" in: sky130A_mr.drc:470
    Edges: 283945 (flat)  68861 (hierarchical)
    Elapsed: 5.930s  Memory: 1463.00M
"drc" in: sky130A_mr.drc:470
    Edges: 48660 (flat)  48660 (hierarchical)
    Elapsed: 0.410s  Memory: 1463.00M
"enclosing" in: sky130A_mr.drc:470
    Edge pairs: 0 (flat)  0 (hierarchical)
    Elapsed: 5.690s  Memory: 1463.00M
"output" in: sky130A_mr.drc:470
    Edge pairs: 0 (flat)  0 (hierarchical)
    Elapsed: 0.020s  Memory: 1463.00M
"squares" in: sky130A_mr.drc:471
    Polygons (raw): 12165 (flat)  12165 (hierarchical)
    Elapsed: 0.030s  Memory: 1463.00M
"drc" in: sky130A_mr.drc:471
    Edges: 48660 (flat)  48660 (hierarchical)
    Elapsed: 0.410s  Memory: 1463.00M
"not" in: sky130A_mr.drc:471
    Edges: 0 (flat)  0 (hierarchical)
    Elapsed: 0.990s  Memory: 1463.00M
"output" in: sky130A_mr.drc:471
    Edges: 0 (flat)  0 (hierarchical)
    Elapsed: 0.020s  Memory: 1463.00M
"edges" in: sky130A_mr.drc:473
    Edges: 283945 (flat)  68861 (hierarchical)
    Elapsed: 6.000s  Memory: 1463.00M
"drc" in: sky130A_mr.drc:473
    Edges: 48660 (flat)  48660 (hierarchical)
    Elapsed: 0.420s  Memory: 1463.00M
"enclosing" in: sky130A_mr.drc:473
    Edge pairs: 11675 (flat)  11675 (hierarchical)
    Elapsed: 5.810s  Memory: 1463.00M
"second_edges" in: sky130A_mr.drc:473
    Edges: 11675 (flat)  11675 (hierarchical)
    Elapsed: 0.010s  Memory: 1463.00M
"width" in: sky130A_mr.drc:474
    Edge pairs: 0 (flat)  0 (hierarchical)
    Elapsed: 0.120s  Memory: 1463.00M
"polygons" in: sky130A_mr.drc:475
    Polygons (raw): 0 (flat)  0 (hierarchical)
    Elapsed: 0.010s  Memory: 1463.00M
"interacting" in: sky130A_mr.drc:475
    Polygons (raw): 0 (flat)  0 (hierarchical)
    Elapsed: 0.030s  Memory: 1463.00M
"output" in: sky130A_mr.drc:476
    Polygons (raw): 0 (flat)  0 (hierarchical)
    Elapsed: 0.010s  Memory: 1463.00M
END: 68/44 (via)
START: 69/20 (m2)
"width" in: sky130A_mr.drc:483
    Edge pairs: 0 (flat)  0 (hierarchical)
    Elapsed: 0.290s  Memory: 1463.00M
"output" in: sky130A_mr.drc:483
    Edge pairs: 0 (flat)  0 (hierarchical)
    Elapsed: 0.010s  Memory: 1463.00M
"sized" in: sky130A_mr.drc:485
    Polygons (raw): 0 (flat)  0 (hierarchical)
    Elapsed: 0.170s  Memory: 1463.00M
"sized" in: sky130A_mr.drc:485
    Polygons (raw): 0 (flat)  0 (hierarchical)
    Elapsed: 0.020s  Memory: 1463.00M
"snap" in: sky130A_mr.drc:485
    Polygons (raw): 0 (flat)  0 (hierarchical)
    Elapsed: 0.030s  Memory: 1463.00M
"&" in: sky130A_mr.drc:485
    Polygons (raw): 0 (flat)  0 (hierarchical)
    Elapsed: 0.010s  Memory: 1463.00M
"edges" in: sky130A_mr.drc:486
    Edges: 62697 (flat)  62697 (hierarchical)
    Elapsed: 0.600s  Memory: 1463.00M
"-" in: sky130A_mr.drc:486
    Edges: 62697 (flat)  62697 (hierarchical)
    Elapsed: 0.010s  Memory: 1463.00M
"edges" in: sky130A_mr.drc:487
    Edges: 0 (flat)  0 (hierarchical)
    Elapsed: 0.020s  Memory: 1463.00M
"merged" in: sky130A_mr.drc:487
    Polygons (raw): 4961 (flat)  4961 (hierarchical)
    Elapsed: 0.010s  Memory: 1463.00M
"outside_part" in: sky130A_mr.drc:487
    Edges: 0 (flat)  0 (hierarchical)
    Elapsed: 0.020s  Memory: 1463.00M
"not" in: sky130A_mr.drc:488
    Polygons (raw): 12165 (flat)  12165 (hierarchical)
    Elapsed: 0.010s  Memory: 1463.00M
"space" in: sky130A_mr.drc:490
    Edge pairs: 0 (flat)  0 (hierarchical)
    Elapsed: 0.940s  Memory: 1463.00M
"output" in: sky130A_mr.drc:490
    Edge pairs: 0 (flat)  0 (hierarchical)
    Elapsed: 0.010s  Memory: 1463.00M
"separation" in: sky130A_mr.drc:492
    Edge pairs: 0 (flat)  0 (hierarchical)
    Elapsed: 0.010s  Memory: 1463.00M
"space" in: sky130A_mr.drc:492
    Edge pairs: 0 (flat)  0 (hierarchical)
    Elapsed: 0.010s  Memory: 1463.00M
"+" in: sky130A_mr.drc:492
    Edge pairs: 0 (flat)  0 (hierarchical)
    Elapsed: 0.010s  Memory: 1463.00M
"output" in: sky130A_mr.drc:492
    Edge pairs: 0 (flat)  0 (hierarchical)
    Elapsed: 0.020s  Memory: 1463.00M
"with_area" in: sky130A_mr.drc:494
    Polygons (raw): 0 (flat)  0 (hierarchical)
    Elapsed: 0.030s  Memory: 1463.00M
"output" in: sky130A_mr.drc:494
    Polygons (raw): 0 (flat)  0 (hierarchical)
    Elapsed: 0.010s  Memory: 1463.00M
"holes" in: sky130A_mr.drc:495
    Polygons (raw): 0 (flat)  0 (hierarchical)
    Elapsed: 0.020s  Memory: 1463.00M
"with_area" in: sky130A_mr.drc:495
    Polygons (raw): 0 (flat)  0 (hierarchical)
    Elapsed: 0.050s  Memory: 1463.00M
"output" in: sky130A_mr.drc:495
    Polygons (raw): 0 (flat)  0 (hierarchical)
    Elapsed: 0.010s  Memory: 1463.00M
"enclosing" in: sky130A_mr.drc:500
    Edge pairs: 0 (flat)  0 (hierarchical)
    Elapsed: 0.230s  Memory: 1463.00M
"output" in: sky130A_mr.drc:500
    Edge pairs: 0 (flat)  0 (hierarchical)
    Elapsed: 0.020s  Memory: 1463.00M
"not" in: sky130A_mr.drc:501
    Polygons (raw): 0 (flat)  0 (hierarchical)
    Elapsed: 0.160s  Memory: 1463.00M
"output" in: sky130A_mr.drc:501
    Polygons (raw): 0 (flat)  0 (hierarchical)
    Elapsed: 0.010s  Memory: 1463.00M
"enclosing" in: sky130A_mr.drc:502
    Edge pairs: 14586 (flat)  14586 (hierarchical)
    Elapsed: 0.330s  Memory: 1463.00M
"second_edges" in: sky130A_mr.drc:502
    Edges: 14586 (flat)  14586 (hierarchical)
    Elapsed: 0.020s  Memory: 1463.00M
"width" in: sky130A_mr.drc:503
    Edge pairs: 0 (flat)  0 (hierarchical)
    Elapsed: 0.230s  Memory: 1463.00M
"polygons" in: sky130A_mr.drc:504
    Polygons (raw): 0 (flat)  0 (hierarchical)
    Elapsed: 0.010s  Memory: 1463.00M
"interacting" in: sky130A_mr.drc:504
    Polygons (raw): 0 (flat)  0 (hierarchical)
    Elapsed: 0.030s  Memory: 1463.00M
"output" in: sky130A_mr.drc:505
    Polygons (raw): 0 (flat)  0 (hierarchical)
    Elapsed: 0.010s  Memory: 1463.00M
END: 69/20 (m2)
START: 69/44 (via2)
"not" in: sky130A_mr.drc:520
    Polygons (raw): 6443 (flat)  6443 (hierarchical)
    Elapsed: 0.020s  Memory: 1463.00M
"non_rectangles" in: sky130A_mr.drc:521
    Polygons (raw): 0 (flat)  0 (hierarchical)
    Elapsed: 0.160s  Memory: 1463.00M
"output" in: sky130A_mr.drc:521
    Polygons (raw): 0 (flat)  0 (hierarchical)
    Elapsed: 0.020s  Memory: 1463.00M
"width" in: sky130A_mr.drc:522
    Edge pairs: 0 (flat)  0 (hierarchical)
    Elapsed: 0.030s  Memory: 1463.00M
"output" in: sky130A_mr.drc:522
    Edge pairs: 0 (flat)  0 (hierarchical)
    Elapsed: 0.020s  Memory: 1463.00M
"edges" in: sky130A_mr.drc:523
    Edges: 25772 (flat)  25772 (hierarchical)
    Elapsed: 0.090s  Memory: 1463.00M
"without_length" in: sky130A_mr.drc:523
    Edges: 0 (flat)  0 (hierarchical)
    Elapsed: 0.190s  Memory: 1463.00M
"output" in: sky130A_mr.drc:523
    Edges: 0 (flat)  0 (hierarchical)
    Elapsed: 0.020s  Memory: 1463.00M
"space" in: sky130A_mr.drc:524
    Edge pairs: 0 (flat)  0 (hierarchical)
    Elapsed: 0.190s  Memory: 1463.00M
"output" in: sky130A_mr.drc:524
    Edge pairs: 0 (flat)  0 (hierarchical)
    Elapsed: 0.010s  Memory: 1463.00M
"enclosing" in: sky130A_mr.drc:532
    Edge pairs: 0 (flat)  0 (hierarchical)
    Elapsed: 0.140s  Memory: 1463.00M
"output" in: sky130A_mr.drc:532
    Edge pairs: 0 (flat)  0 (hierarchical)
    Elapsed: 0.010s  Memory: 1463.00M
"not" in: sky130A_mr.drc:533
    Polygons (raw): 0 (flat)  0 (hierarchical)
    Elapsed: 0.070s  Memory: 1463.00M
"output" in: sky130A_mr.drc:533
    Polygons (raw): 0 (flat)  0 (hierarchical)
    Elapsed: 0.020s  Memory: 1463.00M
"enclosing" in: sky130A_mr.drc:535
    Edge pairs: 5239 (flat)  5239 (hierarchical)
    Elapsed: 0.180s  Memory: 1463.00M
"second_edges" in: sky130A_mr.drc:535
    Edges: 5239 (flat)  5239 (hierarchical)
    Elapsed: 0.020s  Memory: 1463.00M
"width" in: sky130A_mr.drc:536
    Edge pairs: 0 (flat)  0 (hierarchical)
    Elapsed: 0.090s  Memory: 1463.00M
"polygons" in: sky130A_mr.drc:537
    Polygons (raw): 0 (flat)  0 (hierarchical)
    Elapsed: 0.010s  Memory: 1463.00M
"interacting" in: sky130A_mr.drc:537
    Polygons (raw): 0 (flat)  0 (hierarchical)
    Elapsed: 0.030s  Memory: 1463.00M
"output" in: sky130A_mr.drc:538
    Polygons (raw): 0 (flat)  0 (hierarchical)
    Elapsed: 0.020s  Memory: 1463.00M
END: 69/44 (via2)
START: 70/20 (m3)
"width" in: sky130A_mr.drc:544
    Edge pairs: 0 (flat)  0 (hierarchical)
    Elapsed: 0.120s  Memory: 1463.00M
"output" in: sky130A_mr.drc:544
    Edge pairs: 0 (flat)  0 (hierarchical)
    Elapsed: 0.020s  Memory: 1463.00M
"sized" in: sky130A_mr.drc:546
    Polygons (raw): 0 (flat)  0 (hierarchical)
    Elapsed: 0.080s  Memory: 1463.00M
"sized" in: sky130A_mr.drc:546
    Polygons (raw): 0 (flat)  0 (hierarchical)
    Elapsed: 0.020s  Memory: 1463.00M
"snap" in: sky130A_mr.drc:546
    Polygons (raw): 0 (flat)  0 (hierarchical)
    Elapsed: 0.030s  Memory: 1463.00M
"&" in: sky130A_mr.drc:546
    Polygons (raw): 0 (flat)  0 (hierarchical)
    Elapsed: 0.020s  Memory: 1463.00M
"edges" in: sky130A_mr.drc:547
    Edges: 21513 (flat)  21513 (hierarchical)
    Elapsed: 0.200s  Memory: 1463.00M
"-" in: sky130A_mr.drc:547
    Edges: 21513 (flat)  21513 (hierarchical)
    Elapsed: 0.010s  Memory: 1463.00M
"edges" in: sky130A_mr.drc:548
    Edges: 0 (flat)  0 (hierarchical)
    Elapsed: 0.020s  Memory: 1463.00M
"merged" in: sky130A_mr.drc:548
    Polygons (raw): 2211 (flat)  2211 (hierarchical)
    Elapsed: 0.020s  Memory: 1463.00M
"outside_part" in: sky130A_mr.drc:548
    Edges: 0 (flat)  0 (hierarchical)
    Elapsed: 0.020s  Memory: 1463.00M
"space" in: sky130A_mr.drc:550
    Edge pairs: 0 (flat)  0 (hierarchical)
    Elapsed: 0.230s  Memory: 1463.00M
"output" in: sky130A_mr.drc:550
    Edge pairs: 0 (flat)  0 (hierarchical)
    Elapsed: 0.010s  Memory: 1463.00M
"separation" in: sky130A_mr.drc:552
    Edge pairs: 0 (flat)  0 (hierarchical)
    Elapsed: 0.010s  Memory: 1463.00M
"space" in: sky130A_mr.drc:552
    Edge pairs: 0 (flat)  0 (hierarchical)
    Elapsed: 0.020s  Memory: 1463.00M
"+" in: sky130A_mr.drc:552
    Edge pairs: 0 (flat)  0 (hierarchical)
    Elapsed: 0.010s  Memory: 1463.00M
"output" in: sky130A_mr.drc:552
    Edge pairs: 0 (flat)  0 (hierarchical)
    Elapsed: 0.010s  Memory: 1463.00M
"enclosing" in: sky130A_mr.drc:557
    Edge pairs: 0 (flat)  0 (hierarchical)
    Elapsed: 0.100s  Memory: 1463.00M
"output" in: sky130A_mr.drc:557
    Edge pairs: 0 (flat)  0 (hierarchical)
    Elapsed: 0.010s  Memory: 1463.00M
"not" in: sky130A_mr.drc:558
    Polygons (raw): 0 (flat)  0 (hierarchical)
    Elapsed: 0.060s  Memory: 1463.00M
"output" in: sky130A_mr.drc:558
    Polygons (raw): 0 (flat)  0 (hierarchical)
    Elapsed: 0.010s  Memory: 1463.00M
END: 70/20 (m3)
START: 70/44 (via3)
"not" in: sky130A_mr.drc:572
    Polygons (raw): 5620 (flat)  5620 (hierarchical)
    Elapsed: 0.010s  Memory: 1463.00M
"non_rectangles" in: sky130A_mr.drc:573
    Polygons (raw): 0 (flat)  0 (hierarchical)
    Elapsed: 0.140s  Memory: 1463.00M
"output" in: sky130A_mr.drc:573
    Polygons (raw): 0 (flat)  0 (hierarchical)
    Elapsed: 0.020s  Memory: 1463.00M
"width" in: sky130A_mr.drc:574
    Edge pairs: 0 (flat)  0 (hierarchical)
    Elapsed: 0.030s  Memory: 1463.00M
"output" in: sky130A_mr.drc:574
    Edge pairs: 0 (flat)  0 (hierarchical)
    Elapsed: 0.020s  Memory: 1463.00M
"edges" in: sky130A_mr.drc:575
    Edges: 22480 (flat)  22480 (hierarchical)
    Elapsed: 0.080s  Memory: 1463.00M
"without_length" in: sky130A_mr.drc:575
    Edges: 0 (flat)  0 (hierarchical)
    Elapsed: 0.170s  Memory: 1463.00M
"output" in: sky130A_mr.drc:575
    Edges: 0 (flat)  0 (hierarchical)
    Elapsed: 0.010s  Memory: 1463.00M
"space" in: sky130A_mr.drc:577
    Edge pairs: 0 (flat)  0 (hierarchical)
    Elapsed: 0.200s  Memory: 1463.00M
"output" in: sky130A_mr.drc:577
    Edge pairs: 0 (flat)  0 (hierarchical)
    Elapsed: 0.020s  Memory: 1463.00M
"enclosing" in: sky130A_mr.drc:578
    Edge pairs: 0 (flat)  0 (hierarchical)
    Elapsed: 0.090s  Memory: 1463.00M
"output" in: sky130A_mr.drc:578
    Edge pairs: 0 (flat)  0 (hierarchical)
    Elapsed: 0.010s  Memory: 1463.00M
"not" in: sky130A_mr.drc:579
    Polygons (raw): 0 (flat)  0 (hierarchical)
    Elapsed: 0.050s  Memory: 1463.00M
"output" in: sky130A_mr.drc:579
    Polygons (raw): 0 (flat)  0 (hierarchical)
    Elapsed: 0.010s  Memory: 1463.00M
"enclosing" in: sky130A_mr.drc:581
    Edge pairs: 11409 (flat)  11409 (hierarchical)
    Elapsed: 0.170s  Memory: 1463.00M
"second_edges" in: sky130A_mr.drc:581
    Edges: 11409 (flat)  11409 (hierarchical)
    Elapsed: 0.010s  Memory: 1463.00M
"width" in: sky130A_mr.drc:582
    Edge pairs: 0 (flat)  0 (hierarchical)
    Elapsed: 0.110s  Memory: 1463.00M
"polygons" in: sky130A_mr.drc:583
    Polygons (raw): 0 (flat)  0 (hierarchical)
    Elapsed: 0.010s  Memory: 1463.00M
"interacting" in: sky130A_mr.drc:583
    Polygons (raw): 0 (flat)  0 (hierarchical)
    Elapsed: 0.040s  Memory: 1463.00M
"output" in: sky130A_mr.drc:584
    Polygons (raw): 0 (flat)  0 (hierarchical)
    Elapsed: 0.020s  Memory: 1463.00M
END: 70/44 (via3)
START: 71/20 (m4)
"width" in: sky130A_mr.drc:590
    Edge pairs: 0 (flat)  0 (hierarchical)
    Elapsed: 0.060s  Memory: 1463.00M
"output" in: sky130A_mr.drc:590
    Edge pairs: 0 (flat)  0 (hierarchical)
    Elapsed: 0.010s  Memory: 1463.00M
"sized" in: sky130A_mr.drc:592
    Polygons (raw): 187 (flat)  187 (hierarchical)
    Elapsed: 0.030s  Memory: 1463.00M
"sized" in: sky130A_mr.drc:592
    Polygons (raw): 187 (flat)  187 (hierarchical)
    Elapsed: 0.030s  Memory: 1463.00M
"snap" in: sky130A_mr.drc:592
    Polygons (raw): 187 (flat)  187 (hierarchical)
    Elapsed: 0.060s  Memory: 1463.00M
"&" in: sky130A_mr.drc:592
    Polygons (raw): 187 (flat)  187 (hierarchical)
    Elapsed: 0.030s  Memory: 1463.00M
"edges" in: sky130A_mr.drc:593
    Edges: 4108 (flat)  4108 (hierarchical)
    Elapsed: 0.070s  Memory: 1463.00M
"-" in: sky130A_mr.drc:593
    Edges: 3360 (flat)  3360 (hierarchical)
    Elapsed: 0.050s  Memory: 1463.00M
"edges" in: sky130A_mr.drc:594
    Edges: 748 (flat)  748 (hierarchical)
    Elapsed: 0.030s  Memory: 1463.00M
"merged" in: sky130A_mr.drc:594
    Polygons (raw): 439 (flat)  439 (hierarchical)
    Elapsed: 0.010s  Memory: 1463.00M
"outside_part" in: sky130A_mr.drc:594
    Edges: 748 (flat)  748 (hierarchical)
    Elapsed: 0.020s  Memory: 1463.00M
"space" in: sky130A_mr.drc:596
    Edge pairs: 0 (flat)  0 (hierarchical)
    Elapsed: 0.110s  Memory: 1463.00M
"output" in: sky130A_mr.drc:596
    Edge pairs: 0 (flat)  0 (hierarchical)
    Elapsed: 0.010s  Memory: 1463.00M
"with_area" in: sky130A_mr.drc:598
    Polygons (raw): 0 (flat)  0 (hierarchical)
    Elapsed: 0.020s  Memory: 1463.00M
"output" in: sky130A_mr.drc:598
    Polygons (raw): 0 (flat)  0 (hierarchical)
    Elapsed: 0.020s  Memory: 1463.00M
"separation" in: sky130A_mr.drc:600
    Edge pairs: 0 (flat)  0 (hierarchical)
    Elapsed: 0.060s  Memory: 1463.00M
"space" in: sky130A_mr.drc:600
    Edge pairs: 0 (flat)  0 (hierarchical)
    Elapsed: 0.020s  Memory: 1463.00M
"+" in: sky130A_mr.drc:600
    Edge pairs: 0 (flat)  0 (hierarchical)
    Elapsed: 0.020s  Memory: 1463.00M
"output" in: sky130A_mr.drc:600
    Edge pairs: 0 (flat)  0 (hierarchical)
    Elapsed: 0.010s  Memory: 1463.00M
"enclosing" in: sky130A_mr.drc:605
    Edge pairs: 0 (flat)  0 (hierarchical)
    Elapsed: 0.090s  Memory: 1463.00M
"output" in: sky130A_mr.drc:605
    Edge pairs: 0 (flat)  0 (hierarchical)
    Elapsed: 0.020s  Memory: 1463.00M
"not" in: sky130A_mr.drc:606
    Polygons (raw): 0 (flat)  0 (hierarchical)
    Elapsed: 0.060s  Memory: 1463.00M
"output" in: sky130A_mr.drc:606
    Polygons (raw): 0 (flat)  0 (hierarchical)
    Elapsed: 0.020s  Memory: 1463.00M
END: 71/20 (m4)
START: 71/44 (via4)
"not" in: sky130A_mr.drc:619
    Polygons (raw): 12088 (flat)  12088 (hierarchical)
    Elapsed: 0.020s  Memory: 1463.00M
"non_rectangles" in: sky130A_mr.drc:620
    Polygons (raw): 0 (flat)  0 (hierarchical)
    Elapsed: 0.260s  Memory: 1463.00M
"output" in: sky130A_mr.drc:620
    Polygons (raw): 0 (flat)  0 (hierarchical)
    Elapsed: 0.010s  Memory: 1463.00M
"width" in: sky130A_mr.drc:621
    Edge pairs: 0 (flat)  0 (hierarchical)
    Elapsed: 0.260s  Memory: 1463.00M
"output" in: sky130A_mr.drc:621
    Edge pairs: 0 (flat)  0 (hierarchical)
    Elapsed: 0.010s  Memory: 1463.00M
"drc" in: sky130A_mr.drc:622
    Edges: 0 (flat)  0 (hierarchical)
    Elapsed: 0.090s  Memory: 1463.00M
"output" in: sky130A_mr.drc:622
    Edges: 0 (flat)  0 (hierarchical)
    Elapsed: 0.010s  Memory: 1463.00M
"space" in: sky130A_mr.drc:624
    Edge pairs: 0 (flat)  0 (hierarchical)
    Elapsed: 0.080s  Memory: 1463.00M
"polygons" in: sky130A_mr.drc:624
    Polygons (raw): 0 (flat)  0 (hierarchical)
    Elapsed: 0.020s  Memory: 1463.00M
"output" in: sky130A_mr.drc:624
    Polygons (raw): 0 (flat)  0 (hierarchical)
    Elapsed: 0.020s  Memory: 1463.00M
"enclosing" in: sky130A_mr.drc:632
    Edge pairs: 0 (flat)  0 (hierarchical)
    Elapsed: 0.160s  Memory: 1463.00M
"output" in: sky130A_mr.drc:632
    Edge pairs: 0 (flat)  0 (hierarchical)
    Elapsed: 0.020s  Memory: 1463.00M
"not" in: sky130A_mr.drc:633
    Polygons (raw): 0 (flat)  0 (hierarchical)
    Elapsed: 0.100s  Memory: 1463.00M
"output" in: sky130A_mr.drc:633
    Polygons (raw): 0 (flat)  0 (hierarchical)
    Elapsed: 0.010s  Memory: 1463.00M
END: 71/44 (via4)
START: 72/20 (m5)
"width" in: sky130A_mr.drc:638
    Edge pairs: 0 (flat)  0 (hierarchical)
    Elapsed: 0.040s  Memory: 1463.00M
"output" in: sky130A_mr.drc:638
    Edge pairs: 0 (flat)  0 (hierarchical)
    Elapsed: 0.010s  Memory: 1463.00M
"space" in: sky130A_mr.drc:640
    Edge pairs: 0 (flat)  0 (hierarchical)
    Elapsed: 0.010s  Memory: 1463.00M
"output" in: sky130A_mr.drc:640
    Edge pairs: 0 (flat)  0 (hierarchical)
    Elapsed: 0.020s  Memory: 1463.00M
"enclosing" in: sky130A_mr.drc:642
    Edge pairs: 0 (flat)  0 (hierarchical)
    Elapsed: 0.140s  Memory: 1463.00M
"output" in: sky130A_mr.drc:642
    Edge pairs: 0 (flat)  0 (hierarchical)
    Elapsed: 0.020s  Memory: 1463.00M
"not" in: sky130A_mr.drc:643
    Polygons (raw): 0 (flat)  0 (hierarchical)
    Elapsed: 0.060s  Memory: 1463.00M
"output" in: sky130A_mr.drc:643
    Polygons (raw): 0 (flat)  0 (hierarchical)
    Elapsed: 0.010s  Memory: 1463.00M
"with_area" in: sky130A_mr.drc:647
    Polygons (raw): 0 (flat)  0 (hierarchical)
    Elapsed: 0.020s  Memory: 1463.00M
"output" in: sky130A_mr.drc:647
    Polygons (raw): 0 (flat)  0 (hierarchical)
    Elapsed: 0.010s  Memory: 1463.00M
END: 72/20 (m5)
START: 76/20 (pad)
"space" in: sky130A_mr.drc:652
    Edge pairs: 0 (flat)  0 (hierarchical)
    Elapsed: 0.040s  Memory: 1463.00M
"output" in: sky130A_mr.drc:652
    Edge pairs: 0 (flat)  0 (hierarchical)
    Elapsed: 0.010s  Memory: 1463.00M
END: 76/20 (pad)
Writing report database: /home/drako/inventory/shuttle/caravel_tutorial/caravel_example/precheck_results/20_MAR_2022___10_58_19/outputs/reports/klayout_beol_check.xml ..
Total elapsed: 185.940s  Memory: 1360.00M
