"polygons" in: met_min_ca_density.lydrc:35
    Polygons (raw): 125210 (flat)  1949 (hierarchical)
    Elapsed: 0.060s  Memory: 563.00M
"polygons" in: met_min_ca_density.lydrc:36
    Polygons (raw): 820287 (flat)  1792 (hierarchical)
    Elapsed: 0.040s  Memory: 563.00M
"polygons" in: met_min_ca_density.lydrc:38
    Polygons (raw): 217734 (flat)  9655 (hierarchical)
    Elapsed: 0.040s  Memory: 563.00M
"polygons" in: met_min_ca_density.lydrc:39
    Polygons (raw): 9239 (flat)  9239 (hierarchical)
    Elapsed: 0.050s  Memory: 563.00M
"polygons" in: met_min_ca_density.lydrc:41
    Polygons (raw): 10614 (flat)  10614 (hierarchical)
    Elapsed: 0.050s  Memory: 563.00M
"polygons" in: met_min_ca_density.lydrc:42
    Polygons (raw): 5458 (flat)  5458 (hierarchical)
    Elapsed: 0.040s  Memory: 563.00M
"polygons" in: met_min_ca_density.lydrc:44
    Polygons (raw): 2717 (flat)  2717 (hierarchical)
    Elapsed: 0.040s  Memory: 563.00M
"polygons" in: met_min_ca_density.lydrc:45
    Polygons (raw): 5185 (flat)  5185 (hierarchical)
    Elapsed: 0.040s  Memory: 563.00M
"polygons" in: met_min_ca_density.lydrc:47
    Polygons (raw): 550 (flat)  550 (hierarchical)
    Elapsed: 0.040s  Memory: 563.00M
"polygons" in: met_min_ca_density.lydrc:48
    Polygons (raw): 0 (flat)  0 (hierarchical)
    Elapsed: 0.020s  Memory: 563.00M
"polygons" in: met_min_ca_density.lydrc:49
    Polygons (raw): 12088 (flat)  12088 (hierarchical)
    Elapsed: 0.030s  Memory: 563.00M
"polygons" in: met_min_ca_density.lydrc:51
    Polygons (raw): 344 (flat)  344 (hierarchical)
    Elapsed: 0.010s  Memory: 563.00M
"input" in: met_min_ca_density.lydrc:53
    Polygons (raw): 2 (flat)  2 (hierarchical)
    Elapsed: 0.040s  Memory: 563.00M
"area" in: met_min_ca_density.lydrc:55
    Elapsed: 0.060s  Memory: 566.00M
"polygons" in: met_min_ca_density.lydrc:59
    Polygons (raw): 125210 (flat)  1949 (hierarchical)
    Elapsed: 0.040s  Memory: 566.00M
"area" in: met_min_ca_density.lydrc:59
    Elapsed: 3.080s  Memory: 598.00M
li1_ca_density is 0.9563227055986341
"polygons" in: met_min_ca_density.lydrc:69
    Polygons (raw): 217734 (flat)  9655 (hierarchical)
    Elapsed: 0.060s  Memory: 598.00M
"area" in: met_min_ca_density.lydrc:69
    Elapsed: 2.990s  Memory: 597.00M
m1_ca_density is 0.9858973921792302
"polygons" in: met_min_ca_density.lydrc:79
    Polygons (raw): 10614 (flat)  10614 (hierarchical)
    Elapsed: 0.050s  Memory: 597.00M
"area" in: met_min_ca_density.lydrc:79
    Elapsed: 0.210s  Memory: 599.00M
m2_ca_density is 0.9866773385449097
"polygons" in: met_min_ca_density.lydrc:89
    Polygons (raw): 2717 (flat)  2717 (hierarchical)
    Elapsed: 0.040s  Memory: 599.00M
"area" in: met_min_ca_density.lydrc:89
    Elapsed: 0.080s  Memory: 599.00M
m3_ca_density is 0.9983033529805223
"polygons" in: met_min_ca_density.lydrc:99
    Polygons (raw): 550 (flat)  550 (hierarchical)
    Elapsed: 0.040s  Memory: 599.00M
"area" in: met_min_ca_density.lydrc:99
    Elapsed: 0.060s  Memory: 599.00M
m4_ca_density is 0.849111783672556
"polygons" in: met_min_ca_density.lydrc:109
    Polygons (raw): 344 (flat)  344 (hierarchical)
    Elapsed: 0.020s  Memory: 599.00M
"area" in: met_min_ca_density.lydrc:109
    Elapsed: 0.050s  Memory: 599.00M
m5_ca_density is 0.8455329452054794
Writing report database: /home/drako/inventory/shuttle/caravel_tutorial/caravel_example/precheck_results/22_MAR_2022___08_45_12/outputs/reports/klayout_met_min_ca_density_check.xml ..
Total elapsed: 7.960s  Memory: 599.00M
