"polygons" in: met_min_ca_density.lydrc:35
    Polygons (raw): 143826 (flat)  3683 (hierarchical)
    Elapsed: 0.070s  Memory: 565.00M
"polygons" in: met_min_ca_density.lydrc:36
    Polygons (raw): 822351 (flat)  3533 (hierarchical)
    Elapsed: 0.040s  Memory: 565.00M
"polygons" in: met_min_ca_density.lydrc:38
    Polygons (raw): 234164 (flat)  21078 (hierarchical)
    Elapsed: 0.060s  Memory: 565.00M
"polygons" in: met_min_ca_density.lydrc:39
    Polygons (raw): 12165 (flat)  12165 (hierarchical)
    Elapsed: 0.050s  Memory: 565.00M
"polygons" in: met_min_ca_density.lydrc:41
    Polygons (raw): 17535 (flat)  17535 (hierarchical)
    Elapsed: 0.060s  Memory: 565.00M
"polygons" in: met_min_ca_density.lydrc:42
    Polygons (raw): 6443 (flat)  6443 (hierarchical)
    Elapsed: 0.050s  Memory: 565.00M
"polygons" in: met_min_ca_density.lydrc:44
    Polygons (raw): 6479 (flat)  6479 (hierarchical)
    Elapsed: 0.050s  Memory: 565.00M
"polygons" in: met_min_ca_density.lydrc:45
    Polygons (raw): 5620 (flat)  5620 (hierarchical)
    Elapsed: 0.040s  Memory: 565.00M
"polygons" in: met_min_ca_density.lydrc:47
    Polygons (raw): 1260 (flat)  1260 (hierarchical)
    Elapsed: 0.040s  Memory: 565.00M
"polygons" in: met_min_ca_density.lydrc:48
    Polygons (raw): 0 (flat)  0 (hierarchical)
    Elapsed: 0.020s  Memory: 565.00M
"polygons" in: met_min_ca_density.lydrc:49
    Polygons (raw): 12088 (flat)  12088 (hierarchical)
    Elapsed: 0.030s  Memory: 565.00M
"polygons" in: met_min_ca_density.lydrc:51
    Polygons (raw): 344 (flat)  344 (hierarchical)
    Elapsed: 0.010s  Memory: 565.00M
"input" in: met_min_ca_density.lydrc:53
    Polygons (raw): 2 (flat)  2 (hierarchical)
    Elapsed: 0.040s  Memory: 565.00M
"area" in: met_min_ca_density.lydrc:55
    Elapsed: 0.050s  Memory: 568.00M
"polygons" in: met_min_ca_density.lydrc:59
    Polygons (raw): 143826 (flat)  3683 (hierarchical)
    Elapsed: 0.050s  Memory: 568.00M
"area" in: met_min_ca_density.lydrc:59
    Elapsed: 3.230s  Memory: 602.00M
li1_ca_density is 0.9565171634082152
"polygons" in: met_min_ca_density.lydrc:69
    Polygons (raw): 234164 (flat)  21078 (hierarchical)
    Elapsed: 0.060s  Memory: 602.00M
"area" in: met_min_ca_density.lydrc:69
    Elapsed: 3.080s  Memory: 600.00M
m1_ca_density is 0.9854611751610173
"polygons" in: met_min_ca_density.lydrc:79
    Polygons (raw): 17535 (flat)  17535 (hierarchical)
    Elapsed: 0.060s  Memory: 600.00M
"area" in: met_min_ca_density.lydrc:79
    Elapsed: 0.280s  Memory: 603.00M
m2_ca_density is 0.9861741437675124
"polygons" in: met_min_ca_density.lydrc:89
    Polygons (raw): 6479 (flat)  6479 (hierarchical)
    Elapsed: 0.050s  Memory: 603.00M
"area" in: met_min_ca_density.lydrc:89
    Elapsed: 0.120s  Memory: 603.00M
m3_ca_density is 0.9977122141554133
"polygons" in: met_min_ca_density.lydrc:99
    Polygons (raw): 1260 (flat)  1260 (hierarchical)
    Elapsed: 0.040s  Memory: 603.00M
"area" in: met_min_ca_density.lydrc:99
    Elapsed: 0.070s  Memory: 603.00M
m4_ca_density is 0.8488997088408702
"polygons" in: met_min_ca_density.lydrc:109
    Polygons (raw): 344 (flat)  344 (hierarchical)
    Elapsed: 0.010s  Memory: 603.00M
"area" in: met_min_ca_density.lydrc:109
    Elapsed: 0.060s  Memory: 603.00M
m5_ca_density is 0.8455329452054794
Writing report database: /home/drako/inventory/shuttle/caravel_tutorial/caravel_example/precheck_results/22_MAR_2022___06_18_39/outputs/reports/klayout_met_min_ca_density_check.xml ..
Total elapsed: 8.430s  Memory: 603.00M
