2022-03-22 06:18:39 - [INFO] - {{EXTRACTING FILES}} Extracting compressed files in: /home/drako/inventory/shuttle/caravel_tutorial/caravel_example
2022-03-22 06:20:03 - [INFO] - {{Project Type Info}} digital
2022-03-22 06:20:05 - [INFO] - {{Project GDS Info}} user_project_wrapper: 0bc660960e639d095d91cbbe89d250674d233822
2022-03-22 06:20:27 - [INFO] - {{Tools Info}} KLayout: v0.27.8 | Magic: v8.3.274
2022-03-22 06:20:27 - [INFO] - {{PDKs Info}} Open PDKs: 7519dfb04400f224f140749cda44ee7de6f5e095 | Skywater PDK: c094b6e83a4f9298e47f696ec5a7fd53535ec5eb
2022-03-22 06:20:27 - [INFO] - {{START}} Precheck Started, the full log 'precheck.log' will be located in '/home/drako/inventory/shuttle/caravel_tutorial/caravel_example/precheck_results/22_MAR_2022___06_18_39/logs'
2022-03-22 06:20:27 - [INFO] - {{PRECHECK SEQUENCE}} Precheck will run the following checks: [License, Makefile, Default, Documentation, Consistency, XOR, Magic DRC, Klayout FEOL, Klayout BEOL, Klayout Offgrid, Klayout Metal Minimum Clear Area Density, Klayout Pin Label Purposes Overlapping Drawing, Klayout ZeroArea]
2022-03-22 06:20:27 - [INFO] - {{STEP UPDATE}} Executing Check 1 of 13: License
2022-03-22 06:20:29 - [INFO] - An approved LICENSE (Apache-2.0) was found in /home/drako/inventory/shuttle/caravel_tutorial/caravel_example.
2022-03-22 06:20:29 - [INFO] - {{MAIN LICENSE CHECK PASSED}} An approved LICENSE was found in project root.
2022-03-22 06:20:31 - [INFO] - An approved LICENSE (Apache-2.0) was found in /home/drako/inventory/shuttle/caravel_tutorial/caravel_example.
2022-03-22 06:20:32 - [INFO] - An approved LICENSE (Apache-2.0) was found in /home/drako/inventory/shuttle/caravel_tutorial/caravel_example.
2022-03-22 06:20:34 - [INFO] - An approved LICENSE (Apache-2.0) was found in /home/drako/inventory/shuttle/caravel_tutorial/caravel_example.
2022-03-22 06:20:36 - [INFO] - An approved LICENSE (Apache-2.0) was found in /home/drako/inventory/shuttle/caravel_tutorial/caravel_example.
2022-03-22 06:20:38 - [INFO] - An approved LICENSE (Apache-2.0) was found in /home/drako/inventory/shuttle/caravel_tutorial/caravel_example.
2022-03-22 06:20:39 - [INFO] - An approved LICENSE (Apache-2.0) was found in /home/drako/inventory/shuttle/caravel_tutorial/caravel_example.
2022-03-22 06:20:41 - [INFO] - An approved LICENSE (Apache-2.0) was found in /home/drako/inventory/shuttle/caravel_tutorial/caravel_example.
2022-03-22 06:20:43 - [INFO] - An approved LICENSE (Apache-2.0) was found in /home/drako/inventory/shuttle/caravel_tutorial/caravel_example.
2022-03-22 06:20:43 - [INFO] - {{SUBMODULES LICENSE CHECK PASSED}} No prohibited LICENSE file(s) was found in project submodules
2022-03-22 06:20:48 - [INFO] - {{SPDX COMPLIANCE CHECK PASSED}} Project is compliant with the SPDX Standard
2022-03-22 06:20:48 - [INFO] - {{STEP UPDATE}} Executing Check 2 of 13: Makefile
2022-03-22 06:20:48 - [INFO] - {{MAKEFILE CHECK PASSED}} Makefile valid.
2022-03-22 06:20:48 - [INFO] - {{STEP UPDATE}} Executing Check 3 of 13: Default
2022-03-22 06:20:48 - [INFO] - {{README DEFAULT CHECK PASSED}} Project 'README.md' was modified and is not identical to the default 'README.md'
2022-03-22 06:20:49 - [INFO] - {{CONTENT DEFAULT CHECK PASSED}} Project 'gds' was modified and is not identical to the default 'gds'
2022-03-22 06:20:49 - [INFO] - {{STEP UPDATE}} Executing Check 4 of 13: Documentation
2022-03-22 06:20:51 - [WARNING] - The documentation file (/home/drako/inventory/shuttle/caravel_tutorial/caravel_example/pdks/skywater-pdk/env/conda/pkgs/conda-4.11.0-py39h06a4308_0/info/test/tests/data/env_metadata/py36-osx-whl/lib/python3.6/site-packages/urllib3-1.23.dist-info/DESCRIPTION.rst) contains the non-inclusive word: whitelist
2022-03-22 06:20:54 - [WARNING] - {{DOCUMENTATION CHECK FAILED}} Project documentation is not appropriate.
2022-03-22 06:20:54 - [INFO] - {{STEP UPDATE}} Executing Check 5 of 13: Consistency
2022-03-22 06:21:03 - [INFO] - HIERARCHY CHECK PASSED: Module user_project_wrapper is instantiated in caravel. 
2022-03-22 06:21:03 - [INFO] - COMPLEXITY CHECK PASSED: Netlist caravel contains at least 8 instances (90 instances). 
2022-03-22 06:21:03 - [INFO] - MODELING CHECK PASSED: Netlist caravel is structural.
2022-03-22 06:21:03 - [INFO] - SUBMODULE HOOKS CHECK PASSED: All module ports for user_project_wrapper are correctly connected in the top level netlist caravel.
2022-03-22 06:21:03 - [INFO] - POWER CONNECTIONS CHECK PASSED: All instances in caravel are connected to power
2022-03-22 06:21:03 - [INFO] - {{NETLIST CONSISTENCY CHECK PASSED}} caravel netlist passed all consistency checks.
2022-03-22 06:21:03 - [INFO] - PORTS CHECK PASSED: Netlist user_project_wrapper ports match the golden wrapper ports
2022-03-22 06:21:03 - [INFO] - COMPLEXITY CHECK PASSED: Netlist user_project_wrapper contains at least 1 instances (1 instances). 
2022-03-22 06:21:03 - [INFO] - MODELING CHECK PASSED: Netlist user_project_wrapper is structural.
2022-03-22 06:21:03 - [INFO] - LAYOUT CHECK PASSED: The GDS layout for user_project_wrapper matches the provided structural netlist.
2022-03-22 06:21:03 - [INFO] - POWER CONNECTIONS CHECK PASSED: All instances in user_project_wrapper are connected to power
2022-03-22 06:21:03 - [INFO] - PORT TYPES CHECK PASSED: Netlist user_project_wrapper port types match the golden wrapper port types.
2022-03-22 06:21:03 - [INFO] - {{NETLIST CONSISTENCY CHECK PASSED}} user_project_wrapper netlist passed all consistency checks.
2022-03-22 06:21:03 - [INFO] - {{CONSISTENCY CHECK PASSED}} The user netlist and the top netlist are valid.
2022-03-22 06:21:04 - [INFO] - {{STEP UPDATE}} Executing Check 6 of 13: XOR
2022-03-22 06:21:11 - [ERROR] - XOR CHECK FILE NOT FOUND in /home/drako/inventory/shuttle/caravel_tutorial/caravel_example/precheck_results/22_MAR_2022___06_18_39/logs/xor_check.total
2022-03-22 06:21:11 - [WARNING] - {{XOR CHECK FAILED}} The GDS file has non-conforming geometries.
2022-03-22 06:21:11 - [INFO] - {{STEP UPDATE}} Executing Check 7 of 13: Magic DRC
2022-03-22 06:23:38 - [INFO] - 0 DRC violations
2022-03-22 06:23:38 - [INFO] - {{MAGIC DRC CHECK PASSED}} The GDS file, user_project_wrapper.gds, has no DRC violations.
2022-03-22 06:23:38 - [INFO] - {{STEP UPDATE}} Executing Check 8 of 13: Klayout FEOL
2022-03-22 06:24:05 - [INFO] - No DRC Violations found
2022-03-22 06:24:05 - [INFO] - {{Klayout FEOL CHECK PASSED}} The GDS file, user_project_wrapper.gds, has no DRC violations.
2022-03-22 06:24:05 - [INFO] - {{STEP UPDATE}} Executing Check 9 of 13: Klayout BEOL
2022-03-22 06:27:22 - [INFO] - No DRC Violations found
2022-03-22 06:27:22 - [INFO] - {{Klayout BEOL CHECK PASSED}} The GDS file, user_project_wrapper.gds, has no DRC violations.
2022-03-22 06:27:22 - [INFO] - {{STEP UPDATE}} Executing Check 10 of 13: Klayout Offgrid
2022-03-22 06:28:03 - [INFO] - No DRC Violations found
2022-03-22 06:28:03 - [INFO] - {{Klayout Offgrid CHECK PASSED}} The GDS file, user_project_wrapper.gds, has no DRC violations.
2022-03-22 06:28:03 - [INFO] - {{STEP UPDATE}} Executing Check 11 of 13: Klayout Metal Minimum Clear Area Density
2022-03-22 06:28:13 - [INFO] - No DRC Violations found
2022-03-22 06:28:13 - [INFO] - {{Klayout Metal Minimum Clear Area Density CHECK PASSED}} The GDS file, user_project_wrapper.gds, has no DRC violations.
2022-03-22 06:28:13 - [INFO] - {{STEP UPDATE}} Executing Check 12 of 13: Klayout Pin Label Purposes Overlapping Drawing
2022-03-22 06:28:22 - [INFO] - No DRC Violations found
2022-03-22 06:28:22 - [INFO] - {{Klayout Pin Label Purposes Overlapping Drawing CHECK PASSED}} The GDS file, user_project_wrapper.gds, has no DRC violations.
2022-03-22 06:28:22 - [INFO] - {{STEP UPDATE}} Executing Check 13 of 13: Klayout ZeroArea
2022-03-22 06:28:25 - [INFO] - No DRC Violations found
2022-03-22 06:28:25 - [INFO] - {{Klayout ZeroArea CHECK PASSED}} The GDS file, user_project_wrapper.gds, has no DRC violations.
2022-03-22 06:28:25 - [INFO] - {{FINISH}} Executing Finished, the full log 'precheck.log' can be found in '/home/drako/inventory/shuttle/caravel_tutorial/caravel_example/precheck_results/22_MAR_2022___06_18_39/logs'
2022-03-22 06:28:25 - [CRITICAL] - {{FAILURE}} 2 Check(s) Failed: ['Documentation', 'XOR'] !!!
